<?xml version="1.0" encoding="UTF-8"?>
<coverage generated="1771956863080" clover="3.2.0">
  <project timestamp="1771956863081" name="All files">
    <metrics statements="26" coveredstatements="25" conditionals="2" coveredconditionals="2" methods="7" coveredmethods="7" elements="35" coveredelements="34" complexity="0" loc="26" ncloc="26" packages="1" files="1" classes="1"/>
    <file name="verificationService.ts" path="/home/izk/Documents/DRIPS/Credence-Backend/src/services/verificationService.ts">
      <metrics statements="26" coveredstatements="25" conditionals="2" coveredconditionals="2" methods="7" coveredmethods="7"/>
      <line num="1" count="1" type="stmt"/>
      <line num="13" count="1" type="stmt"/>
      <line num="18" count="29" type="stmt"/>
      <line num="25" count="55" type="stmt"/>
      <line num="38" count="26" type="stmt"/>
      <line num="39" count="26" type="stmt"/>
      <line num="41" count="26" type="stmt"/>
      <line num="46" count="26" type="stmt"/>
      <line num="54" count="26" type="stmt"/>
      <line num="55" count="26" type="stmt"/>
      <line num="57" count="26" type="stmt"/>
      <line num="63" count="26" type="cond" truecount="1" falsecount="0"/>
      <line num="64" count="5" type="stmt"/>
      <line num="67" count="26" type="stmt"/>
      <line num="74" count="5" type="stmt"/>
      <line num="79" count="5" type="stmt"/>
      <line num="89" count="3" type="stmt"/>
      <line num="97" count="3" type="stmt"/>
      <line num="98" count="3" type="stmt"/>
      <line num="100" count="3" type="stmt"/>
      <line num="107" count="3" type="stmt"/>
      <line num="108" count="3" type="stmt"/>
      <line num="113" count="0" type="stmt"/>
      <line num="121" count="5" type="cond" truecount="1" falsecount="0"/>
      <line num="122" count="4" type="stmt"/>
      <line num="126" count="1" type="stmt"/>
    </file>
  </project>
</coverage>
