{"/home/izk/Documents/DRIPS/Credence-Backend/src/services/verificationService.ts": {"path":"/home/izk/Documents/DRIPS/Credence-Backend/src/services/verificationService.ts","statementMap":{"0":{"start":{"line":1,"column":0},"end":{"line":1,"column":27}},"1":{"start":{"line":18,"column":4},"end":{"line":18,"column":null}},"2":{"start":{"line":25,"column":4},"end":{"line":25,"column":null}},"3":{"start":{"line":38,"column":22},"end":{"line":38,"column":32}},"4":{"start":{"line":39,"column":28},"end":{"line":39,"column":70}},"5":{"start":{"line":41,"column":51},"end":{"line":44,"column":null}},"6":{"start":{"line":46,"column":22},"end":{"line":52,"column":null}},"7":{"start":{"line":54,"column":22},"end":{"line":54,"column":52}},"8":{"start":{"line":55,"column":17},"end":{"line":55,"column":41}},"9":{"start":{"line":57,"column":37},"end":{"line":61,"column":null}},"10":{"start":{"line":63,"column":4},"end":{"line":65,"column":null}},"11":{"start":{"line":64,"column":6},"end":{"line":64,"column":null}},"12":{"start":{"line":67,"column":4},"end":{"line":67,"column":null}},"13":{"start":{"line":74,"column":22},"end":{"line":77,"column":30}},"14":{"start":{"line":79,"column":4},"end":{"line":82,"column":null}},"15":{"start":{"line":89,"column":22},"end":{"line":95,"column":null}},"16":{"start":{"line":97,"column":22},"end":{"line":97,"column":52}},"17":{"start":{"line":98,"column":25},"end":{"line":98,"column":49}},"18":{"start":{"line":100,"column":4},"end":{"line":100,"column":null}},"19":{"start":{"line":107,"column":4},"end":{"line":114,"column":null}},"20":{"start":{"line":108,"column":6},"end":{"line":111,"column":null}},"21":{"start":{"line":113,"column":6},"end":{"line":113,"column":null}},"22":{"start":{"line":121,"column":4},"end":{"line":121,"column":null}},"23":{"start":{"line":121,"column":26},"end":{"line":121,"column":null}},"24":{"start":{"line":122,"column":4},"end":{"line":122,"column":null}},"25":{"start":{"line":13,"column":0},"end":{"line":13,"column":13}},"26":{"start":{"line":126,"column":13},"end":{"line":126,"column":null}}},"fnMap":{"0":{"name":"(anonymous_1)","decl":{"start":{"line":17,"column":10},"end":{"line":17,"column":24}},"loc":{"start":{"line":17,"column":54},"end":{"line":19,"column":3}}},"1":{"name":"(anonymous_2)","decl":{"start":{"line":24,"column":10},"end":{"line":24,"column":18}},"loc":{"start":{"line":24,"column":31},"end":{"line":26,"column":3}}},"2":{"name":"(anonymous_3)","decl":{"start":{"line":31,"column":2},"end":{"line":31,"column":13}},"loc":{"start":{"line":36,"column":26},"end":{"line":68,"column":3}}},"3":{"name":"(anonymous_4)","decl":{"start":{"line":73,"column":2},"end":{"line":73,"column":11}},"loc":{"start":{"line":73,"column":56},"end":{"line":83,"column":3}}},"4":{"name":"(anonymous_5)","decl":{"start":{"line":88,"column":2},"end":{"line":88,"column":17}},"loc":{"start":{"line":88,"column":42},"end":{"line":101,"column":3}}},"5":{"name":"(anonymous_6)","decl":{"start":{"line":106,"column":2},"end":{"line":106,"column":19}},"loc":{"start":{"line":106,"column":69},"end":{"line":115,"column":3}}},"6":{"name":"(anonymous_7)","decl":{"start":{"line":120,"column":2},"end":{"line":120,"column":11}},"loc":{"start":{"line":120,"column":36},"end":{"line":123,"column":3}}}},"branchMap":{"0":{"loc":{"start":{"line":63,"column":4},"end":{"line":65,"column":null}},"type":"if","locations":[{"start":{"line":63,"column":4},"end":{"line":65,"column":null}}]},"1":{"loc":{"start":{"line":121,"column":4},"end":{"line":121,"column":null}},"type":"if","locations":[{"start":{"line":121,"column":4},"end":{"line":121,"column":null}}]}},"s":{"0":1,"1":29,"2":55,"3":26,"4":26,"5":26,"6":26,"7":26,"8":26,"9":26,"10":26,"11":5,"12":26,"13":5,"14":5,"15":3,"16":3,"17":3,"18":3,"19":3,"20":3,"21":0,"22":5,"23":1,"24":4,"25":1,"26":1},"f":{"0":29,"1":55,"2":26,"3":5,"4":3,"5":3,"6":5},"b":{"0":[5],"1":[1]}}
}
