{"/home/izk/Documents/DRIPS/Credence-Backend/src/services/identityService.ts": {"path":"/home/izk/Documents/DRIPS/Credence-Backend/src/services/identityService.ts","statementMap":{"0":{"start":{"line":39,"column":4},"end":{"line":41,"column":null}},"1":{"start":{"line":40,"column":6},"end":{"line":40,"column":null}},"2":{"start":{"line":44,"column":4},"end":{"line":44,"column":null}},"3":{"start":{"line":47,"column":23},"end":{"line":47,"column":54}},"4":{"start":{"line":48,"column":20},"end":{"line":48,"column":39}},"5":{"start":{"line":49,"column":25},"end":{"line":49,"column":75}},"6":{"start":{"line":51,"column":4},"end":{"line":62,"column":null}},"7":{"start":{"line":78,"column":44},"end":{"line":78,"column":46}},"8":{"start":{"line":79,"column":40},"end":{"line":79,"column":42}},"9":{"start":{"line":82,"column":4},"end":{"line":95,"column":null}},"10":{"start":{"line":84,"column":8},"end":{"line":93,"column":null}},"11":{"start":{"line":85,"column":25},"end":{"line":85,"column":59}},"12":{"start":{"line":86,"column":10},"end":{"line":86,"column":null}},"13":{"start":{"line":88,"column":10},"end":{"line":92,"column":null}},"14":{"start":{"line":97,"column":4},"end":{"line":97,"column":null}},"15":{"start":{"line":109,"column":32},"end":{"line":109,"column":49}},"16":{"start":{"line":110,"column":4},"end":{"line":110,"column":null}},"17":{"start":{"line":119,"column":4},"end":{"line":119,"column":null}},"18":{"start":{"line":119,"column":36},"end":{"line":119,"column":59}},"19":{"start":{"line":29,"column":0},"end":{"line":29,"column":13}}},"fnMap":{"0":{"name":"(anonymous_0)","decl":{"start":{"line":37,"column":2},"end":{"line":37,"column":7}},"loc":{"start":{"line":37,"column":38},"end":{"line":63,"column":3}}},"1":{"name":"(anonymous_1)","decl":{"start":{"line":72,"column":2},"end":{"line":72,"column":7}},"loc":{"start":{"line":73,"column":23},"end":{"line":98,"column":3}}},"2":{"name":"(anonymous_2)","decl":{"start":{"line":83,"column":20},"end":{"line":83,"column":25}},"loc":{"start":{"line":83,"column":38},"end":{"line":94,"column":7}}},"3":{"name":"(anonymous_3)","decl":{"start":{"line":107,"column":10},"end":{"line":107,"column":31}},"loc":{"start":{"line":107,"column":47},"end":{"line":111,"column":3}}},"4":{"name":"(anonymous_4)","decl":{"start":{"line":118,"column":10},"end":{"line":118,"column":23}},"loc":{"start":{"line":118,"column":34},"end":{"line":120,"column":3}}},"5":{"name":"(anonymous_5)","decl":{"start":{"line":119,"column":23},"end":{"line":119,"column":24}},"loc":{"start":{"line":119,"column":36},"end":{"line":119,"column":59}}}},"branchMap":{"0":{"loc":{"start":{"line":39,"column":4},"end":{"line":41,"column":null}},"type":"if","locations":[{"start":{"line":39,"column":4},"end":{"line":41,"column":null}}]},"1":{"loc":{"start":{"line":49,"column":25},"end":{"line":49,"column":75}},"type":"cond-expr","locations":[{"start":{"line":49,"column":35},"end":{"line":49,"column":69}},{"start":{"line":49,"column":72},"end":{"line":49,"column":75}}]},"2":{"loc":{"start":{"line":56,"column":19},"end":{"line":56,"column":86}},"type":"cond-expr","locations":[{"start":{"line":56,"column":29},"end":{"line":56,"column":79}},{"start":{"line":56,"column":82},"end":{"line":56,"column":86}}]},"3":{"loc":{"start":{"line":57,"column":22},"end":{"line":57,"column":42}},"type":"cond-expr","locations":[{"start":{"line":57,"column":32},"end":{"line":57,"column":35}},{"start":{"line":57,"column":38},"end":{"line":57,"column":42}}]},"4":{"loc":{"start":{"line":91,"column":21},"end":{"line":91,"column":77}},"type":"cond-expr","locations":[{"start":{"line":91,"column":46},"end":{"line":91,"column":59}},{"start":{"line":91,"column":62},"end":{"line":91,"column":77}}]}},"s":{"0":0,"1":0,"2":0,"3":0,"4":0,"5":0,"6":0,"7":0,"8":0,"9":0,"10":0,"11":0,"12":0,"13":0,"14":0,"15":0,"16":0,"17":0,"18":0,"19":0},"f":{"0":0,"1":0,"2":0,"3":0,"4":0,"5":0},"b":{"0":[0],"1":[0,0],"2":[0,0],"3":[0,0],"4":[0,0]}}
,"/home/izk/Documents/DRIPS/Credence-Backend/src/services/verificationService.ts": {"path":"/home/izk/Documents/DRIPS/Credence-Backend/src/services/verificationService.ts","statementMap":{"0":{"start":{"line":1,"column":0},"end":{"line":1,"column":27}},"1":{"start":{"line":18,"column":4},"end":{"line":18,"column":null}},"2":{"start":{"line":25,"column":4},"end":{"line":25,"column":null}},"3":{"start":{"line":38,"column":22},"end":{"line":38,"column":32}},"4":{"start":{"line":39,"column":28},"end":{"line":39,"column":70}},"5":{"start":{"line":41,"column":51},"end":{"line":44,"column":null}},"6":{"start":{"line":46,"column":22},"end":{"line":52,"column":null}},"7":{"start":{"line":54,"column":22},"end":{"line":54,"column":52}},"8":{"start":{"line":55,"column":17},"end":{"line":55,"column":41}},"9":{"start":{"line":57,"column":37},"end":{"line":61,"column":null}},"10":{"start":{"line":63,"column":4},"end":{"line":65,"column":null}},"11":{"start":{"line":64,"column":6},"end":{"line":64,"column":null}},"12":{"start":{"line":67,"column":4},"end":{"line":67,"column":null}},"13":{"start":{"line":74,"column":22},"end":{"line":77,"column":30}},"14":{"start":{"line":79,"column":4},"end":{"line":82,"column":null}},"15":{"start":{"line":89,"column":22},"end":{"line":95,"column":null}},"16":{"start":{"line":97,"column":22},"end":{"line":97,"column":52}},"17":{"start":{"line":98,"column":25},"end":{"line":98,"column":49}},"18":{"start":{"line":100,"column":4},"end":{"line":100,"column":null}},"19":{"start":{"line":107,"column":4},"end":{"line":114,"column":null}},"20":{"start":{"line":108,"column":6},"end":{"line":111,"column":null}},"21":{"start":{"line":113,"column":6},"end":{"line":113,"column":null}},"22":{"start":{"line":121,"column":4},"end":{"line":121,"column":null}},"23":{"start":{"line":121,"column":26},"end":{"line":121,"column":null}},"24":{"start":{"line":122,"column":4},"end":{"line":122,"column":null}},"25":{"start":{"line":13,"column":0},"end":{"line":13,"column":13}},"26":{"start":{"line":126,"column":13},"end":{"line":126,"column":null}}},"fnMap":{"0":{"name":"(anonymous_1)","decl":{"start":{"line":17,"column":10},"end":{"line":17,"column":24}},"loc":{"start":{"line":17,"column":54},"end":{"line":19,"column":3}}},"1":{"name":"(anonymous_2)","decl":{"start":{"line":24,"column":10},"end":{"line":24,"column":18}},"loc":{"start":{"line":24,"column":31},"end":{"line":26,"column":3}}},"2":{"name":"(anonymous_3)","decl":{"start":{"line":31,"column":2},"end":{"line":31,"column":13}},"loc":{"start":{"line":36,"column":26},"end":{"line":68,"column":3}}},"3":{"name":"(anonymous_4)","decl":{"start":{"line":73,"column":2},"end":{"line":73,"column":11}},"loc":{"start":{"line":73,"column":56},"end":{"line":83,"column":3}}},"4":{"name":"(anonymous_5)","decl":{"start":{"line":88,"column":2},"end":{"line":88,"column":17}},"loc":{"start":{"line":88,"column":42},"end":{"line":101,"column":3}}},"5":{"name":"(anonymous_6)","decl":{"start":{"line":106,"column":2},"end":{"line":106,"column":19}},"loc":{"start":{"line":106,"column":69},"end":{"line":115,"column":3}}},"6":{"name":"(anonymous_7)","decl":{"start":{"line":120,"column":2},"end":{"line":120,"column":11}},"loc":{"start":{"line":120,"column":36},"end":{"line":123,"column":3}}}},"branchMap":{"0":{"loc":{"start":{"line":63,"column":4},"end":{"line":65,"column":null}},"type":"if","locations":[{"start":{"line":63,"column":4},"end":{"line":65,"column":null}}]},"1":{"loc":{"start":{"line":121,"column":4},"end":{"line":121,"column":null}},"type":"if","locations":[{"start":{"line":121,"column":4},"end":{"line":121,"column":null}}]}},"s":{"0":1,"1":29,"2":55,"3":26,"4":26,"5":26,"6":26,"7":26,"8":26,"9":26,"10":26,"11":5,"12":26,"13":5,"14":5,"15":3,"16":3,"17":3,"18":3,"19":3,"20":3,"21":0,"22":5,"23":1,"24":4,"25":1,"26":1},"f":{"0":29,"1":55,"2":26,"3":5,"4":3,"5":3,"6":5},"b":{"0":[5],"1":[1]}}
,"/home/izk/Documents/DRIPS/Credence-Backend/src/services/governance/arbitration.ts": {"path":"/home/izk/Documents/DRIPS/Credence-Backend/src/services/governance/arbitration.ts","statementMap":{"0":{"start":{"line":1,"column":0},"end":{"line":1,"column":40}},"1":{"start":{"line":4,"column":14},"end":{"line":4,"column":49}},"2":{"start":{"line":7,"column":2},"end":{"line":7,"column":null}},"3":{"start":{"line":6,"column":0},"end":{"line":6,"column":16}},"4":{"start":{"line":11,"column":2},"end":{"line":13,"column":null}},"5":{"start":{"line":12,"column":4},"end":{"line":12,"column":null}},"6":{"start":{"line":14,"column":2},"end":{"line":16,"column":null}},"7":{"start":{"line":15,"column":4},"end":{"line":15,"column":null}},"8":{"start":{"line":17,"column":2},"end":{"line":19,"column":null}},"9":{"start":{"line":18,"column":4},"end":{"line":18,"column":null}},"10":{"start":{"line":20,"column":2},"end":{"line":22,"column":null}},"11":{"start":{"line":21,"column":4},"end":{"line":21,"column":null}},"12":{"start":{"line":24,"column":34},"end":{"line":31,"column":null}},"13":{"start":{"line":33,"column":2},"end":{"line":33,"column":null}},"14":{"start":{"line":34,"column":2},"end":{"line":34,"column":null}},"15":{"start":{"line":10,"column":0},"end":{"line":10,"column":16}},"16":{"start":{"line":38,"column":2},"end":{"line":38,"column":null}},"17":{"start":{"line":37,"column":0},"end":{"line":37,"column":16}},"18":{"start":{"line":42,"column":38},"end":{"line":42,"column":40}},"19":{"start":{"line":43,"column":2},"end":{"line":47,"column":null}},"20":{"start":{"line":44,"column":4},"end":{"line":46,"column":null}},"21":{"start":{"line":45,"column":6},"end":{"line":45,"column":null}},"22":{"start":{"line":48,"column":2},"end":{"line":48,"column":null}},"23":{"start":{"line":48,"column":32},"end":{"line":48,"column":77}},"24":{"start":{"line":41,"column":0},"end":{"line":41,"column":16}},"25":{"start":{"line":52,"column":38},"end":{"line":52,"column":40}},"26":{"start":{"line":53,"column":2},"end":{"line":57,"column":null}},"27":{"start":{"line":54,"column":4},"end":{"line":56,"column":null}},"28":{"start":{"line":55,"column":6},"end":{"line":55,"column":null}},"29":{"start":{"line":58,"column":2},"end":{"line":58,"column":null}},"30":{"start":{"line":58,"column":32},"end":{"line":58,"column":77}},"31":{"start":{"line":51,"column":0},"end":{"line":51,"column":16}},"32":{"start":{"line":62,"column":2},"end":{"line":62,"column":null}},"33":{"start":{"line":61,"column":0},"end":{"line":61,"column":16}}},"fnMap":{"0":{"name":"resetStore","decl":{"start":{"line":6,"column":16},"end":{"line":6,"column":26}},"loc":{"start":{"line":6,"column":26},"end":{"line":8,"column":1}}},"1":{"name":"writeLog","decl":{"start":{"line":10,"column":16},"end":{"line":10,"column":24}},"loc":{"start":{"line":10,"column":48},"end":{"line":35,"column":1}}},"2":{"name":"readLog","decl":{"start":{"line":37,"column":16},"end":{"line":37,"column":23}},"loc":{"start":{"line":37,"column":34},"end":{"line":39,"column":1}}},"3":{"name":"getLogsByDispute","decl":{"start":{"line":41,"column":16},"end":{"line":41,"column":32}},"loc":{"start":{"line":41,"column":50},"end":{"line":49,"column":1}}},"4":{"name":"(anonymous_4)","decl":{"start":{"line":48,"column":22},"end":{"line":48,"column":23}},"loc":{"start":{"line":48,"column":32},"end":{"line":48,"column":77}}},"5":{"name":"getLogsByArbiter","decl":{"start":{"line":51,"column":16},"end":{"line":51,"column":32}},"loc":{"start":{"line":51,"column":48},"end":{"line":59,"column":1}}},"6":{"name":"(anonymous_6)","decl":{"start":{"line":58,"column":22},"end":{"line":58,"column":23}},"loc":{"start":{"line":58,"column":32},"end":{"line":58,"column":77}}},"7":{"name":"deleteLog","decl":{"start":{"line":61,"column":16},"end":{"line":61,"column":25}},"loc":{"start":{"line":61,"column":36},"end":{"line":63,"column":1}}}},"branchMap":{"0":{"loc":{"start":{"line":11,"column":2},"end":{"line":13,"column":null}},"type":"if","locations":[{"start":{"line":11,"column":2},"end":{"line":13,"column":null}}]},"1":{"loc":{"start":{"line":11,"column":6},"end":{"line":11,"column":61}},"type":"binary-expr","locations":[{"start":{"line":11,"column":6},"end":{"line":11,"column":22}},{"start":{"line":11,"column":26},"end":{"line":11,"column":61}}]},"2":{"loc":{"start":{"line":14,"column":2},"end":{"line":16,"column":null}},"type":"if","locations":[{"start":{"line":14,"column":2},"end":{"line":16,"column":null}}]},"3":{"loc":{"start":{"line":14,"column":6},"end":{"line":14,"column":57}},"type":"binary-expr","locations":[{"start":{"line":14,"column":6},"end":{"line":14,"column":20}},{"start":{"line":14,"column":24},"end":{"line":14,"column":57}}]},"4":{"loc":{"start":{"line":17,"column":2},"end":{"line":19,"column":null}},"type":"if","locations":[{"start":{"line":17,"column":2},"end":{"line":19,"column":null}}]},"5":{"loc":{"start":{"line":17,"column":6},"end":{"line":17,"column":59}},"type":"binary-expr","locations":[{"start":{"line":17,"column":6},"end":{"line":17,"column":21}},{"start":{"line":17,"column":25},"end":{"line":17,"column":59}}]},"6":{"loc":{"start":{"line":20,"column":2},"end":{"line":22,"column":null}},"type":"if","locations":[{"start":{"line":20,"column":2},"end":{"line":22,"column":null}}]},"7":{"loc":{"start":{"line":20,"column":6},"end":{"line":20,"column":61}},"type":"binary-expr","locations":[{"start":{"line":20,"column":6},"end":{"line":20,"column":22}},{"start":{"line":20,"column":26},"end":{"line":20,"column":61}}]},"8":{"loc":{"start":{"line":44,"column":4},"end":{"line":46,"column":null}},"type":"if","locations":[{"start":{"line":44,"column":4},"end":{"line":46,"column":null}}]},"9":{"loc":{"start":{"line":54,"column":4},"end":{"line":56,"column":null}},"type":"if","locations":[{"start":{"line":54,"column":4},"end":{"line":56,"column":null}}]}},"s":{"0":0,"1":0,"2":0,"3":0,"4":0,"5":0,"6":0,"7":0,"8":0,"9":0,"10":0,"11":0,"12":0,"13":0,"14":0,"15":0,"16":0,"17":0,"18":0,"19":0,"20":0,"21":0,"22":0,"23":0,"24":0,"25":0,"26":0,"27":0,"28":0,"29":0,"30":0,"31":0,"32":0,"33":0},"f":{"0":0,"1":0,"2":0,"3":0,"4":0,"5":0,"6":0,"7":0},"b":{"0":[0],"1":[0,0],"2":[0],"3":[0,0],"4":[0],"5":[0,0],"6":[0],"7":[0,0],"8":[0],"9":[0]}}
,"/home/izk/Documents/DRIPS/Credence-Backend/src/services/governance/disputes.ts": {"path":"/home/izk/Documents/DRIPS/Credence-Backend/src/services/governance/disputes.ts","statementMap":{"0":{"start":{"line":1,"column":0},"end":{"line":1,"column":40}},"1":{"start":{"line":4,"column":14},"end":{"line":4,"column":40}},"2":{"start":{"line":6,"column":24},"end":{"line":6,"column":38}},"3":{"start":{"line":7,"column":24},"end":{"line":7,"column":48}},"4":{"start":{"line":8,"column":27},"end":{"line":8,"column":44}},"5":{"start":{"line":11,"column":2},"end":{"line":11,"column":null}},"6":{"start":{"line":10,"column":0},"end":{"line":10,"column":16}},"7":{"start":{"line":15,"column":27},"end":{"line":15,"column":29}},"8":{"start":{"line":17,"column":2},"end":{"line":21,"column":null}},"9":{"start":{"line":18,"column":4},"end":{"line":18,"column":null}},"10":{"start":{"line":19,"column":9},"end":{"line":21,"column":null}},"11":{"start":{"line":20,"column":4},"end":{"line":20,"column":null}},"12":{"start":{"line":23,"column":2},"end":{"line":27,"column":null}},"13":{"start":{"line":24,"column":4},"end":{"line":24,"column":null}},"14":{"start":{"line":25,"column":9},"end":{"line":27,"column":null}},"15":{"start":{"line":26,"column":4},"end":{"line":26,"column":null}},"16":{"start":{"line":29,"column":2},"end":{"line":31,"column":null}},"17":{"start":{"line":30,"column":4},"end":{"line":30,"column":null}},"18":{"start":{"line":33,"column":2},"end":{"line":37,"column":null}},"19":{"start":{"line":34,"column":4},"end":{"line":34,"column":null}},"20":{"start":{"line":35,"column":9},"end":{"line":37,"column":null}},"21":{"start":{"line":36,"column":4},"end":{"line":36,"column":null}},"22":{"start":{"line":39,"column":2},"end":{"line":41,"column":null}},"23":{"start":{"line":40,"column":4},"end":{"line":40,"column":null}},"24":{"start":{"line":43,"column":2},"end":{"line":47,"column":null}},"25":{"start":{"line":44,"column":4},"end":{"line":44,"column":null}},"26":{"start":{"line":45,"column":9},"end":{"line":47,"column":null}},"27":{"start":{"line":46,"column":4},"end":{"line":46,"column":null}},"28":{"start":{"line":49,"column":2},"end":{"line":49,"column":null}},"29":{"start":{"line":14,"column":0},"end":{"line":14,"column":16}},"30":{"start":{"line":53,"column":17},"end":{"line":53,"column":44}},"31":{"start":{"line":54,"column":2},"end":{"line":56,"column":null}},"32":{"start":{"line":55,"column":4},"end":{"line":55,"column":null}},"33":{"start":{"line":58,"column":14},"end":{"line":58,"column":24}},"34":{"start":{"line":59,"column":27},"end":{"line":69,"column":null}},"35":{"start":{"line":71,"column":2},"end":{"line":71,"column":null}},"36":{"start":{"line":72,"column":2},"end":{"line":72,"column":null}},"37":{"start":{"line":52,"column":0},"end":{"line":52,"column":16}},"38":{"start":{"line":76,"column":2},"end":{"line":76,"column":null}},"39":{"start":{"line":75,"column":0},"end":{"line":75,"column":16}},"40":{"start":{"line":80,"column":2},"end":{"line":80,"column":null}},"41":{"start":{"line":79,"column":0},"end":{"line":79,"column":16}},"42":{"start":{"line":84,"column":18},"end":{"line":84,"column":31}},"43":{"start":{"line":85,"column":2},"end":{"line":85,"column":null}},"44":{"start":{"line":85,"column":16},"end":{"line":85,"column":null}},"45":{"start":{"line":86,"column":2},"end":{"line":86,"column":null}},"46":{"start":{"line":86,"column":37},"end":{"line":86,"column":null}},"47":{"start":{"line":87,"column":2},"end":{"line":87,"column":null}},"48":{"start":{"line":87,"column":38},"end":{"line":87,"column":null}},"49":{"start":{"line":88,"column":2},"end":{"line":91,"column":null}},"50":{"start":{"line":89,"column":4},"end":{"line":89,"column":null}},"51":{"start":{"line":90,"column":4},"end":{"line":90,"column":null}},"52":{"start":{"line":92,"column":2},"end":{"line":94,"column":null}},"53":{"start":{"line":93,"column":4},"end":{"line":93,"column":null}},"54":{"start":{"line":96,"column":2},"end":{"line":96,"column":null}},"55":{"start":{"line":97,"column":2},"end":{"line":97,"column":null}},"56":{"start":{"line":98,"column":2},"end":{"line":98,"column":null}},"57":{"start":{"line":83,"column":0},"end":{"line":83,"column":16}},"58":{"start":{"line":102,"column":18},"end":{"line":102,"column":31}},"59":{"start":{"line":103,"column":2},"end":{"line":103,"column":null}},"60":{"start":{"line":103,"column":16},"end":{"line":103,"column":null}},"61":{"start":{"line":104,"column":2},"end":{"line":104,"column":null}},"62":{"start":{"line":104,"column":37},"end":{"line":104,"column":null}},"63":{"start":{"line":105,"column":2},"end":{"line":105,"column":null}},"64":{"start":{"line":105,"column":38},"end":{"line":105,"column":null}},"65":{"start":{"line":106,"column":2},"end":{"line":108,"column":null}},"66":{"start":{"line":107,"column":4},"end":{"line":107,"column":null}},"67":{"start":{"line":110,"column":2},"end":{"line":110,"column":null}},"68":{"start":{"line":111,"column":2},"end":{"line":111,"column":null}},"69":{"start":{"line":112,"column":2},"end":{"line":112,"column":null}},"70":{"start":{"line":101,"column":0},"end":{"line":101,"column":16}},"71":{"start":{"line":116,"column":18},"end":{"line":116,"column":31}},"72":{"start":{"line":117,"column":2},"end":{"line":117,"column":null}},"73":{"start":{"line":117,"column":16},"end":{"line":117,"column":null}},"74":{"start":{"line":118,"column":2},"end":{"line":120,"column":null}},"75":{"start":{"line":119,"column":4},"end":{"line":119,"column":null}},"76":{"start":{"line":122,"column":2},"end":{"line":122,"column":null}},"77":{"start":{"line":123,"column":2},"end":{"line":123,"column":null}},"78":{"start":{"line":115,"column":0},"end":{"line":115,"column":16}}},"fnMap":{"0":{"name":"resetStore","decl":{"start":{"line":10,"column":16},"end":{"line":10,"column":26}},"loc":{"start":{"line":10,"column":26},"end":{"line":12,"column":1}}},"1":{"name":"validateDisputeInput","decl":{"start":{"line":14,"column":16},"end":{"line":14,"column":36}},"loc":{"start":{"line":14,"column":56},"end":{"line":50,"column":1}}},"2":{"name":"submitDispute","decl":{"start":{"line":52,"column":16},"end":{"line":52,"column":29}},"loc":{"start":{"line":52,"column":49},"end":{"line":73,"column":1}}},"3":{"name":"getDispute","decl":{"start":{"line":75,"column":16},"end":{"line":75,"column":26}},"loc":{"start":{"line":75,"column":37},"end":{"line":77,"column":1}}},"4":{"name":"isExpired","decl":{"start":{"line":79,"column":16},"end":{"line":79,"column":25}},"loc":{"start":{"line":79,"column":42},"end":{"line":81,"column":1}}},"5":{"name":"resolveDispute","decl":{"start":{"line":83,"column":16},"end":{"line":83,"column":30}},"loc":{"start":{"line":83,"column":61},"end":{"line":99,"column":1}}},"6":{"name":"dismissDispute","decl":{"start":{"line":101,"column":16},"end":{"line":101,"column":30}},"loc":{"start":{"line":101,"column":57},"end":{"line":113,"column":1}}},"7":{"name":"markUnderReview","decl":{"start":{"line":115,"column":16},"end":{"line":115,"column":31}},"loc":{"start":{"line":115,"column":42},"end":{"line":124,"column":1}}}},"branchMap":{"0":{"loc":{"start":{"line":17,"column":2},"end":{"line":21,"column":null}},"type":"if","locations":[{"start":{"line":17,"column":2},"end":{"line":21,"column":null}},{"start":{"line":19,"column":9},"end":{"line":21,"column":null}}]},"1":{"loc":{"start":{"line":17,"column":6},"end":{"line":17,"column":57}},"type":"binary-expr","locations":[{"start":{"line":17,"column":6},"end":{"line":17,"column":20}},{"start":{"line":17,"column":24},"end":{"line":17,"column":57}}]},"2":{"loc":{"start":{"line":19,"column":9},"end":{"line":21,"column":null}},"type":"if","locations":[{"start":{"line":19,"column":9},"end":{"line":21,"column":null}}]},"3":{"loc":{"start":{"line":23,"column":2},"end":{"line":27,"column":null}},"type":"if","locations":[{"start":{"line":23,"column":2},"end":{"line":27,"column":null}},{"start":{"line":25,"column":9},"end":{"line":27,"column":null}}]},"4":{"loc":{"start":{"line":23,"column":6},"end":{"line":23,"column":63}},"type":"binary-expr","locations":[{"start":{"line":23,"column":6},"end":{"line":23,"column":23}},{"start":{"line":23,"column":27},"end":{"line":23,"column":63}}]},"5":{"loc":{"start":{"line":25,"column":9},"end":{"line":27,"column":null}},"type":"if","locations":[{"start":{"line":25,"column":9},"end":{"line":27,"column":null}}]},"6":{"loc":{"start":{"line":29,"column":2},"end":{"line":31,"column":null}},"type":"if","locations":[{"start":{"line":29,"column":2},"end":{"line":31,"column":null}}]},"7":{"loc":{"start":{"line":29,"column":6},"end":{"line":29,"column":77}},"type":"binary-expr","locations":[{"start":{"line":29,"column":6},"end":{"line":29,"column":19}},{"start":{"line":29,"column":23},"end":{"line":29,"column":39}},{"start":{"line":29,"column":43},"end":{"line":29,"column":77}}]},"8":{"loc":{"start":{"line":33,"column":2},"end":{"line":37,"column":null}},"type":"if","locations":[{"start":{"line":33,"column":2},"end":{"line":37,"column":null}},{"start":{"line":35,"column":9},"end":{"line":37,"column":null}}]},"9":{"loc":{"start":{"line":33,"column":6},"end":{"line":33,"column":55}},"type":"binary-expr","locations":[{"start":{"line":33,"column":6},"end":{"line":33,"column":19}},{"start":{"line":33,"column":23},"end":{"line":33,"column":55}}]},"10":{"loc":{"start":{"line":35,"column":9},"end":{"line":37,"column":null}},"type":"if","locations":[{"start":{"line":35,"column":9},"end":{"line":37,"column":null}}]},"11":{"loc":{"start":{"line":39,"column":2},"end":{"line":41,"column":null}},"type":"if","locations":[{"start":{"line":39,"column":2},"end":{"line":41,"column":null}}]},"12":{"loc":{"start":{"line":39,"column":6},"end":{"line":39,"column":67}},"type":"binary-expr","locations":[{"start":{"line":39,"column":6},"end":{"line":39,"column":36}},{"start":{"line":39,"column":40},"end":{"line":39,"column":67}}]},"13":{"loc":{"start":{"line":43,"column":2},"end":{"line":47,"column":null}},"type":"if","locations":[{"start":{"line":43,"column":2},"end":{"line":47,"column":null}},{"start":{"line":45,"column":9},"end":{"line":47,"column":null}}]},"14":{"loc":{"start":{"line":43,"column":6},"end":{"line":43,"column":80}},"type":"binary-expr","locations":[{"start":{"line":43,"column":6},"end":{"line":43,"column":42}},{"start":{"line":43,"column":46},"end":{"line":43,"column":80}}]},"15":{"loc":{"start":{"line":45,"column":9},"end":{"line":47,"column":null}},"type":"if","locations":[{"start":{"line":45,"column":9},"end":{"line":47,"column":null}}]},"16":{"loc":{"start":{"line":54,"column":2},"end":{"line":56,"column":null}},"type":"if","locations":[{"start":{"line":54,"column":2},"end":{"line":56,"column":null}}]},"17":{"loc":{"start":{"line":85,"column":2},"end":{"line":85,"column":null}},"type":"if","locations":[{"start":{"line":85,"column":2},"end":{"line":85,"column":null}}]},"18":{"loc":{"start":{"line":86,"column":2},"end":{"line":86,"column":null}},"type":"if","locations":[{"start":{"line":86,"column":2},"end":{"line":86,"column":null}}]},"19":{"loc":{"start":{"line":87,"column":2},"end":{"line":87,"column":null}},"type":"if","locations":[{"start":{"line":87,"column":2},"end":{"line":87,"column":null}}]},"20":{"loc":{"start":{"line":88,"column":2},"end":{"line":91,"column":null}},"type":"if","locations":[{"start":{"line":88,"column":2},"end":{"line":91,"column":null}}]},"21":{"loc":{"start":{"line":92,"column":2},"end":{"line":94,"column":null}},"type":"if","locations":[{"start":{"line":92,"column":2},"end":{"line":94,"column":null}}]},"22":{"loc":{"start":{"line":92,"column":6},"end":{"line":92,"column":51}},"type":"binary-expr","locations":[{"start":{"line":92,"column":6},"end":{"line":92,"column":17}},{"start":{"line":92,"column":21},"end":{"line":92,"column":51}}]},"23":{"loc":{"start":{"line":103,"column":2},"end":{"line":103,"column":null}},"type":"if","locations":[{"start":{"line":103,"column":2},"end":{"line":103,"column":null}}]},"24":{"loc":{"start":{"line":104,"column":2},"end":{"line":104,"column":null}},"type":"if","locations":[{"start":{"line":104,"column":2},"end":{"line":104,"column":null}}]},"25":{"loc":{"start":{"line":105,"column":2},"end":{"line":105,"column":null}},"type":"if","locations":[{"start":{"line":105,"column":2},"end":{"line":105,"column":null}}]},"26":{"loc":{"start":{"line":106,"column":2},"end":{"line":108,"column":null}},"type":"if","locations":[{"start":{"line":106,"column":2},"end":{"line":108,"column":null}}]},"27":{"loc":{"start":{"line":106,"column":6},"end":{"line":106,"column":43}},"type":"binary-expr","locations":[{"start":{"line":106,"column":6},"end":{"line":106,"column":13}},{"start":{"line":106,"column":17},"end":{"line":106,"column":43}}]},"28":{"loc":{"start":{"line":117,"column":2},"end":{"line":117,"column":null}},"type":"if","locations":[{"start":{"line":117,"column":2},"end":{"line":117,"column":null}}]},"29":{"loc":{"start":{"line":118,"column":2},"end":{"line":120,"column":null}},"type":"if","locations":[{"start":{"line":118,"column":2},"end":{"line":120,"column":null}}]}},"s":{"0":0,"1":0,"2":0,"3":0,"4":0,"5":0,"6":0,"7":0,"8":0,"9":0,"10":0,"11":0,"12":0,"13":0,"14":0,"15":0,"16":0,"17":0,"18":0,"19":0,"20":0,"21":0,"22":0,"23":0,"24":0,"25":0,"26":0,"27":0,"28":0,"29":0,"30":0,"31":0,"32":0,"33":0,"34":0,"35":0,"36":0,"37":0,"38":0,"39":0,"40":0,"41":0,"42":0,"43":0,"44":0,"45":0,"46":0,"47":0,"48":0,"49":0,"50":0,"51":0,"52":0,"53":0,"54":0,"55":0,"56":0,"57":0,"58":0,"59":0,"60":0,"61":0,"62":0,"63":0,"64":0,"65":0,"66":0,"67":0,"68":0,"69":0,"70":0,"71":0,"72":0,"73":0,"74":0,"75":0,"76":0,"77":0,"78":0},"f":{"0":0,"1":0,"2":0,"3":0,"4":0,"5":0,"6":0,"7":0},"b":{"0":[0,0],"1":[0,0],"2":[0],"3":[0,0],"4":[0,0],"5":[0],"6":[0],"7":[0,0,0],"8":[0,0],"9":[0,0],"10":[0],"11":[0],"12":[0,0],"13":[0,0],"14":[0,0],"15":[0],"16":[0],"17":[0],"18":[0],"19":[0],"20":[0],"21":[0],"22":[0,0],"23":[0],"24":[0],"25":[0],"26":[0],"27":[0,0],"28":[0],"29":[0]}}
,"/home/izk/Documents/DRIPS/Credence-Backend/src/services/governance/index.ts": {"path":"/home/izk/Documents/DRIPS/Credence-Backend/src/services/governance/index.ts","statementMap":{"0":{"start":{"line":1,"column":0},"end":{"line":1,"column":26}},"1":{"start":{"line":2,"column":0},"end":{"line":2,"column":41}},"2":{"start":{"line":3,"column":0},"end":{"line":3,"column":35}},"3":{"start":{"line":4,"column":0},"end":{"line":4,"column":47}},"4":{"start":{"line":5,"column":0},"end":{"line":5,"column":41}}},"fnMap":{},"branchMap":{},"s":{"0":0,"1":0,"2":0,"3":0,"4":0},"f":{},"b":{}}
,"/home/izk/Documents/DRIPS/Credence-Backend/src/services/governance/multisig.ts": {"path":"/home/izk/Documents/DRIPS/Credence-Backend/src/services/governance/multisig.ts","statementMap":{"0":{"start":{"line":1,"column":0},"end":{"line":1,"column":40}},"1":{"start":{"line":4,"column":14},"end":{"line":4,"column":49}},"2":{"start":{"line":6,"column":20},"end":{"line":6,"column":21}},"3":{"start":{"line":7,"column":20},"end":{"line":7,"column":22}},"4":{"start":{"line":8,"column":19},"end":{"line":8,"column":33}},"5":{"start":{"line":11,"column":2},"end":{"line":11,"column":null}},"6":{"start":{"line":10,"column":0},"end":{"line":10,"column":16}},"7":{"start":{"line":15,"column":2},"end":{"line":17,"column":null}},"8":{"start":{"line":16,"column":4},"end":{"line":16,"column":null}},"9":{"start":{"line":18,"column":2},"end":{"line":20,"column":null}},"10":{"start":{"line":19,"column":4},"end":{"line":19,"column":null}},"11":{"start":{"line":22,"column":17},"end":{"line":22,"column":39}},"12":{"start":{"line":23,"column":2},"end":{"line":25,"column":null}},"13":{"start":{"line":24,"column":4},"end":{"line":24,"column":null}},"14":{"start":{"line":27,"column":2},"end":{"line":33,"column":null}},"15":{"start":{"line":32,"column":4},"end":{"line":32,"column":null}},"16":{"start":{"line":35,"column":2},"end":{"line":37,"column":null}},"17":{"start":{"line":36,"column":4},"end":{"line":36,"column":null}},"18":{"start":{"line":39,"column":2},"end":{"line":41,"column":null}},"19":{"start":{"line":40,"column":4},"end":{"line":40,"column":null}},"20":{"start":{"line":43,"column":14},"end":{"line":43,"column":24}},"21":{"start":{"line":44,"column":37},"end":{"line":53,"column":null}},"22":{"start":{"line":55,"column":2},"end":{"line":55,"column":null}},"23":{"start":{"line":56,"column":2},"end":{"line":56,"column":null}},"24":{"start":{"line":14,"column":0},"end":{"line":14,"column":16}},"25":{"start":{"line":60,"column":2},"end":{"line":60,"column":null}},"26":{"start":{"line":59,"column":0},"end":{"line":59,"column":16}},"27":{"start":{"line":64,"column":19},"end":{"line":64,"column":40}},"28":{"start":{"line":65,"column":2},"end":{"line":65,"column":null}},"29":{"start":{"line":65,"column":17},"end":{"line":65,"column":null}},"30":{"start":{"line":67,"column":2},"end":{"line":69,"column":null}},"31":{"start":{"line":68,"column":4},"end":{"line":68,"column":null}},"32":{"start":{"line":71,"column":2},"end":{"line":74,"column":null}},"33":{"start":{"line":72,"column":4},"end":{"line":72,"column":null}},"34":{"start":{"line":73,"column":4},"end":{"line":73,"column":null}},"35":{"start":{"line":76,"column":2},"end":{"line":78,"column":null}},"36":{"start":{"line":77,"column":4},"end":{"line":77,"column":null}},"37":{"start":{"line":80,"column":2},"end":{"line":82,"column":null}},"38":{"start":{"line":81,"column":4},"end":{"line":81,"column":null}},"39":{"start":{"line":84,"column":2},"end":{"line":84,"column":null}},"40":{"start":{"line":85,"column":2},"end":{"line":85,"column":null}},"41":{"start":{"line":63,"column":0},"end":{"line":63,"column":16}},"42":{"start":{"line":89,"column":19},"end":{"line":89,"column":40}},"43":{"start":{"line":90,"column":2},"end":{"line":90,"column":null}},"44":{"start":{"line":90,"column":17},"end":{"line":90,"column":null}},"45":{"start":{"line":92,"column":2},"end":{"line":94,"column":null}},"46":{"start":{"line":93,"column":4},"end":{"line":93,"column":null}},"47":{"start":{"line":96,"column":2},"end":{"line":98,"column":null}},"48":{"start":{"line":97,"column":4},"end":{"line":97,"column":null}},"49":{"start":{"line":100,"column":2},"end":{"line":100,"column":null}},"50":{"start":{"line":101,"column":2},"end":{"line":101,"column":null}},"51":{"start":{"line":88,"column":0},"end":{"line":88,"column":16}},"52":{"start":{"line":105,"column":19},"end":{"line":105,"column":40}},"53":{"start":{"line":106,"column":2},"end":{"line":106,"column":null}},"54":{"start":{"line":106,"column":17},"end":{"line":106,"column":null}},"55":{"start":{"line":108,"column":2},"end":{"line":110,"column":null}},"56":{"start":{"line":109,"column":4},"end":{"line":109,"column":null}},"57":{"start":{"line":112,"column":2},"end":{"line":115,"column":null}},"58":{"start":{"line":113,"column":4},"end":{"line":113,"column":null}},"59":{"start":{"line":114,"column":4},"end":{"line":114,"column":null}},"60":{"start":{"line":117,"column":2},"end":{"line":121,"column":null}},"61":{"start":{"line":118,"column":4},"end":{"line":120,"column":null}},"62":{"start":{"line":123,"column":2},"end":{"line":123,"column":null}},"63":{"start":{"line":124,"column":2},"end":{"line":124,"column":null}},"64":{"start":{"line":104,"column":0},"end":{"line":104,"column":16}},"65":{"start":{"line":128,"column":19},"end":{"line":128,"column":40}},"66":{"start":{"line":129,"column":2},"end":{"line":129,"column":null}},"67":{"start":{"line":129,"column":17},"end":{"line":129,"column":null}},"68":{"start":{"line":131,"column":2},"end":{"line":133,"column":null}},"69":{"start":{"line":132,"column":4},"end":{"line":132,"column":null}},"70":{"start":{"line":134,"column":2},"end":{"line":136,"column":null}},"71":{"start":{"line":135,"column":4},"end":{"line":135,"column":null}},"72":{"start":{"line":138,"column":2},"end":{"line":138,"column":null}},"73":{"start":{"line":139,"column":2},"end":{"line":139,"column":null}},"74":{"start":{"line":127,"column":0},"end":{"line":127,"column":16}},"75":{"start":{"line":143,"column":19},"end":{"line":143,"column":40}},"76":{"start":{"line":144,"column":2},"end":{"line":144,"column":null}},"77":{"start":{"line":144,"column":17},"end":{"line":144,"column":null}},"78":{"start":{"line":147,"column":2},"end":{"line":149,"column":null}},"79":{"start":{"line":148,"column":4},"end":{"line":148,"column":null}},"80":{"start":{"line":151,"column":2},"end":{"line":151,"column":null}},"81":{"start":{"line":142,"column":0},"end":{"line":142,"column":16}}},"fnMap":{"0":{"name":"resetStore","decl":{"start":{"line":10,"column":16},"end":{"line":10,"column":26}},"loc":{"start":{"line":10,"column":26},"end":{"line":12,"column":1}}},"1":{"name":"createProposal","decl":{"start":{"line":14,"column":16},"end":{"line":14,"column":30}},"loc":{"start":{"line":14,"column":51},"end":{"line":57,"column":1}}},"2":{"name":"getProposal","decl":{"start":{"line":59,"column":16},"end":{"line":59,"column":27}},"loc":{"start":{"line":59,"column":38},"end":{"line":61,"column":1}}},"3":{"name":"addSignature","decl":{"start":{"line":63,"column":16},"end":{"line":63,"column":28}},"loc":{"start":{"line":63,"column":63},"end":{"line":86,"column":1}}},"4":{"name":"removeSignature","decl":{"start":{"line":88,"column":16},"end":{"line":88,"column":31}},"loc":{"start":{"line":88,"column":66},"end":{"line":102,"column":1}}},"5":{"name":"executeIfReady","decl":{"start":{"line":104,"column":16},"end":{"line":104,"column":30}},"loc":{"start":{"line":104,"column":49},"end":{"line":125,"column":1}}},"6":{"name":"cancelProposal","decl":{"start":{"line":127,"column":16},"end":{"line":127,"column":30}},"loc":{"start":{"line":127,"column":49},"end":{"line":140,"column":1}}},"7":{"name":"getStatus","decl":{"start":{"line":142,"column":16},"end":{"line":142,"column":25}},"loc":{"start":{"line":142,"column":44},"end":{"line":152,"column":1}}}},"branchMap":{"0":{"loc":{"start":{"line":15,"column":2},"end":{"line":17,"column":null}},"type":"if","locations":[{"start":{"line":15,"column":2},"end":{"line":17,"column":null}}]},"1":{"loc":{"start":{"line":15,"column":6},"end":{"line":15,"column":73}},"type":"binary-expr","locations":[{"start":{"line":15,"column":6},"end":{"line":15,"column":35}},{"start":{"line":15,"column":39},"end":{"line":15,"column":73}}]},"2":{"loc":{"start":{"line":18,"column":2},"end":{"line":20,"column":null}},"type":"if","locations":[{"start":{"line":18,"column":2},"end":{"line":20,"column":null}}]},"3":{"loc":{"start":{"line":23,"column":2},"end":{"line":25,"column":null}},"type":"if","locations":[{"start":{"line":23,"column":2},"end":{"line":25,"column":null}}]},"4":{"loc":{"start":{"line":27,"column":2},"end":{"line":33,"column":null}},"type":"if","locations":[{"start":{"line":27,"column":2},"end":{"line":33,"column":null}}]},"5":{"loc":{"start":{"line":28,"column":4},"end":{"line":30,"column":51}},"type":"binary-expr","locations":[{"start":{"line":28,"column":4},"end":{"line":28,"column":48}},{"start":{"line":29,"column":4},"end":{"line":29,"column":32}},{"start":{"line":30,"column":4},"end":{"line":30,"column":51}}]},"6":{"loc":{"start":{"line":35,"column":2},"end":{"line":37,"column":null}},"type":"if","locations":[{"start":{"line":35,"column":2},"end":{"line":37,"column":null}}]},"7":{"loc":{"start":{"line":35,"column":6},"end":{"line":35,"column":55}},"type":"binary-expr","locations":[{"start":{"line":35,"column":6},"end":{"line":35,"column":19}},{"start":{"line":35,"column":23},"end":{"line":35,"column":55}}]},"8":{"loc":{"start":{"line":39,"column":2},"end":{"line":41,"column":null}},"type":"if","locations":[{"start":{"line":39,"column":2},"end":{"line":41,"column":null}}]},"9":{"loc":{"start":{"line":39,"column":6},"end":{"line":39,"column":65}},"type":"binary-expr","locations":[{"start":{"line":39,"column":6},"end":{"line":39,"column":37}},{"start":{"line":39,"column":41},"end":{"line":39,"column":65}}]},"10":{"loc":{"start":{"line":65,"column":2},"end":{"line":65,"column":null}},"type":"if","locations":[{"start":{"line":65,"column":2},"end":{"line":65,"column":null}}]},"11":{"loc":{"start":{"line":67,"column":2},"end":{"line":69,"column":null}},"type":"if","locations":[{"start":{"line":67,"column":2},"end":{"line":69,"column":null}}]},"12":{"loc":{"start":{"line":71,"column":2},"end":{"line":74,"column":null}},"type":"if","locations":[{"start":{"line":71,"column":2},"end":{"line":74,"column":null}}]},"13":{"loc":{"start":{"line":76,"column":2},"end":{"line":78,"column":null}},"type":"if","locations":[{"start":{"line":76,"column":2},"end":{"line":78,"column":null}}]},"14":{"loc":{"start":{"line":80,"column":2},"end":{"line":82,"column":null}},"type":"if","locations":[{"start":{"line":80,"column":2},"end":{"line":82,"column":null}}]},"15":{"loc":{"start":{"line":90,"column":2},"end":{"line":90,"column":null}},"type":"if","locations":[{"start":{"line":90,"column":2},"end":{"line":90,"column":null}}]},"16":{"loc":{"start":{"line":92,"column":2},"end":{"line":94,"column":null}},"type":"if","locations":[{"start":{"line":92,"column":2},"end":{"line":94,"column":null}}]},"17":{"loc":{"start":{"line":96,"column":2},"end":{"line":98,"column":null}},"type":"if","locations":[{"start":{"line":96,"column":2},"end":{"line":98,"column":null}}]},"18":{"loc":{"start":{"line":106,"column":2},"end":{"line":106,"column":null}},"type":"if","locations":[{"start":{"line":106,"column":2},"end":{"line":106,"column":null}}]},"19":{"loc":{"start":{"line":108,"column":2},"end":{"line":110,"column":null}},"type":"if","locations":[{"start":{"line":108,"column":2},"end":{"line":110,"column":null}}]},"20":{"loc":{"start":{"line":112,"column":2},"end":{"line":115,"column":null}},"type":"if","locations":[{"start":{"line":112,"column":2},"end":{"line":115,"column":null}}]},"21":{"loc":{"start":{"line":117,"column":2},"end":{"line":121,"column":null}},"type":"if","locations":[{"start":{"line":117,"column":2},"end":{"line":121,"column":null}}]},"22":{"loc":{"start":{"line":129,"column":2},"end":{"line":129,"column":null}},"type":"if","locations":[{"start":{"line":129,"column":2},"end":{"line":129,"column":null}}]},"23":{"loc":{"start":{"line":131,"column":2},"end":{"line":133,"column":null}},"type":"if","locations":[{"start":{"line":131,"column":2},"end":{"line":133,"column":null}}]},"24":{"loc":{"start":{"line":134,"column":2},"end":{"line":136,"column":null}},"type":"if","locations":[{"start":{"line":134,"column":2},"end":{"line":136,"column":null}}]},"25":{"loc":{"start":{"line":144,"column":2},"end":{"line":144,"column":null}},"type":"if","locations":[{"start":{"line":144,"column":2},"end":{"line":144,"column":null}}]},"26":{"loc":{"start":{"line":147,"column":2},"end":{"line":149,"column":null}},"type":"if","locations":[{"start":{"line":147,"column":2},"end":{"line":149,"column":null}}]},"27":{"loc":{"start":{"line":147,"column":6},"end":{"line":147,"column":70}},"type":"binary-expr","locations":[{"start":{"line":147,"column":6},"end":{"line":147,"column":35}},{"start":{"line":147,"column":39},"end":{"line":147,"column":70}}]}},"s":{"0":0,"1":0,"2":0,"3":0,"4":0,"5":0,"6":0,"7":0,"8":0,"9":0,"10":0,"11":0,"12":0,"13":0,"14":0,"15":0,"16":0,"17":0,"18":0,"19":0,"20":0,"21":0,"22":0,"23":0,"24":0,"25":0,"26":0,"27":0,"28":0,"29":0,"30":0,"31":0,"32":0,"33":0,"34":0,"35":0,"36":0,"37":0,"38":0,"39":0,"40":0,"41":0,"42":0,"43":0,"44":0,"45":0,"46":0,"47":0,"48":0,"49":0,"50":0,"51":0,"52":0,"53":0,"54":0,"55":0,"56":0,"57":0,"58":0,"59":0,"60":0,"61":0,"62":0,"63":0,"64":0,"65":0,"66":0,"67":0,"68":0,"69":0,"70":0,"71":0,"72":0,"73":0,"74":0,"75":0,"76":0,"77":0,"78":0,"79":0,"80":0,"81":0},"f":{"0":0,"1":0,"2":0,"3":0,"4":0,"5":0,"6":0,"7":0},"b":{"0":[0],"1":[0,0],"2":[0],"3":[0],"4":[0],"5":[0,0,0],"6":[0],"7":[0,0],"8":[0],"9":[0,0],"10":[0],"11":[0],"12":[0],"13":[0],"14":[0],"15":[0],"16":[0],"17":[0],"18":[0],"19":[0],"20":[0],"21":[0],"22":[0],"23":[0],"24":[0],"25":[0],"26":[0],"27":[0,0]}}
,"/home/izk/Documents/DRIPS/Credence-Backend/src/services/governance/votes.ts": {"path":"/home/izk/Documents/DRIPS/Credence-Backend/src/services/governance/votes.ts","statementMap":{"0":{"start":{"line":3,"column":14},"end":{"line":3,"column":39}},"1":{"start":{"line":5,"column":26},"end":{"line":5,"column":30}},"2":{"start":{"line":8,"column":2},"end":{"line":8,"column":null}},"3":{"start":{"line":7,"column":0},"end":{"line":7,"column":16}},"4":{"start":{"line":12,"column":2},"end":{"line":14,"column":null}},"5":{"start":{"line":13,"column":4},"end":{"line":13,"column":null}},"6":{"start":{"line":15,"column":2},"end":{"line":17,"column":null}},"7":{"start":{"line":16,"column":4},"end":{"line":16,"column":null}},"8":{"start":{"line":18,"column":2},"end":{"line":20,"column":null}},"9":{"start":{"line":19,"column":4},"end":{"line":19,"column":null}},"10":{"start":{"line":21,"column":2},"end":{"line":23,"column":null}},"11":{"start":{"line":22,"column":4},"end":{"line":22,"column":null}},"12":{"start":{"line":25,"column":19},"end":{"line":25,"column":52}},"13":{"start":{"line":26,"column":23},"end":{"line":26,"column":68}},"14":{"start":{"line":26,"column":44},"end":{"line":26,"column":67}},"15":{"start":{"line":27,"column":2},"end":{"line":29,"column":null}},"16":{"start":{"line":28,"column":4},"end":{"line":28,"column":null}},"17":{"start":{"line":31,"column":21},"end":{"line":37,"column":null}},"18":{"start":{"line":39,"column":2},"end":{"line":39,"column":null}},"19":{"start":{"line":40,"column":2},"end":{"line":40,"column":null}},"20":{"start":{"line":41,"column":2},"end":{"line":41,"column":null}},"21":{"start":{"line":11,"column":0},"end":{"line":11,"column":16}},"22":{"start":{"line":45,"column":2},"end":{"line":45,"column":null}},"23":{"start":{"line":44,"column":0},"end":{"line":44,"column":16}},"24":{"start":{"line":49,"column":16},"end":{"line":49,"column":43}},"25":{"start":{"line":50,"column":17},"end":{"line":50,"column":18}},"26":{"start":{"line":51,"column":21},"end":{"line":51,"column":22}},"27":{"start":{"line":53,"column":2},"end":{"line":59,"column":null}},"28":{"start":{"line":54,"column":4},"end":{"line":58,"column":null}},"29":{"start":{"line":55,"column":6},"end":{"line":55,"column":null}},"30":{"start":{"line":57,"column":6},"end":{"line":57,"column":null}},"31":{"start":{"line":61,"column":2},"end":{"line":61,"column":null}},"32":{"start":{"line":48,"column":0},"end":{"line":48,"column":16}},"33":{"start":{"line":68,"column":2},"end":{"line":70,"column":null}},"34":{"start":{"line":69,"column":4},"end":{"line":69,"column":null}},"35":{"start":{"line":72,"column":37},"end":{"line":72,"column":59}},"36":{"start":{"line":73,"column":16},"end":{"line":73,"column":39}},"37":{"start":{"line":74,"column":2},"end":{"line":74,"column":null}},"38":{"start":{"line":74,"column":19},"end":{"line":74,"column":null}},"39":{"start":{"line":76,"column":2},"end":{"line":76,"column":null}},"40":{"start":{"line":64,"column":0},"end":{"line":64,"column":16}},"41":{"start":{"line":83,"column":16},"end":{"line":83,"column":43}},"42":{"start":{"line":84,"column":37},"end":{"line":84,"column":59}},"43":{"start":{"line":86,"column":2},"end":{"line":92,"column":null}},"44":{"start":{"line":79,"column":0},"end":{"line":79,"column":16}}},"fnMap":{"0":{"name":"resetStore","decl":{"start":{"line":7,"column":16},"end":{"line":7,"column":26}},"loc":{"start":{"line":7,"column":26},"end":{"line":9,"column":1}}},"1":{"name":"castVote","decl":{"start":{"line":11,"column":16},"end":{"line":11,"column":24}},"loc":{"start":{"line":11,"column":41},"end":{"line":42,"column":1}}},"2":{"name":"(anonymous_2)","decl":{"start":{"line":26,"column":37},"end":{"line":26,"column":38}},"loc":{"start":{"line":26,"column":44},"end":{"line":26,"column":67}}},"3":{"name":"getVotes","decl":{"start":{"line":44,"column":16},"end":{"line":44,"column":24}},"loc":{"start":{"line":44,"column":43},"end":{"line":46,"column":1}}},"4":{"name":"countVotes","decl":{"start":{"line":48,"column":16},"end":{"line":48,"column":26}},"loc":{"start":{"line":48,"column":45},"end":{"line":62,"column":1}}},"5":{"name":"hasReachedThreshold","decl":{"start":{"line":64,"column":16},"end":{"line":64,"column":35}},"loc":{"start":{"line":66,"column":39},"end":{"line":77,"column":1}}},"6":{"name":"getVoteSummary","decl":{"start":{"line":79,"column":16},"end":{"line":79,"column":30}},"loc":{"start":{"line":81,"column":39},"end":{"line":93,"column":1}}}},"branchMap":{"0":{"loc":{"start":{"line":12,"column":2},"end":{"line":14,"column":null}},"type":"if","locations":[{"start":{"line":12,"column":2},"end":{"line":14,"column":null}}]},"1":{"loc":{"start":{"line":12,"column":6},"end":{"line":12,"column":63}},"type":"binary-expr","locations":[{"start":{"line":12,"column":6},"end":{"line":12,"column":23}},{"start":{"line":12,"column":27},"end":{"line":12,"column":63}}]},"2":{"loc":{"start":{"line":15,"column":2},"end":{"line":17,"column":null}},"type":"if","locations":[{"start":{"line":15,"column":2},"end":{"line":17,"column":null}}]},"3":{"loc":{"start":{"line":15,"column":6},"end":{"line":15,"column":53}},"type":"binary-expr","locations":[{"start":{"line":15,"column":6},"end":{"line":15,"column":18}},{"start":{"line":15,"column":22},"end":{"line":15,"column":53}}]},"4":{"loc":{"start":{"line":18,"column":2},"end":{"line":20,"column":null}},"type":"if","locations":[{"start":{"line":18,"column":2},"end":{"line":20,"column":null}}]},"5":{"loc":{"start":{"line":18,"column":6},"end":{"line":18,"column":59}},"type":"binary-expr","locations":[{"start":{"line":18,"column":6},"end":{"line":18,"column":38}},{"start":{"line":18,"column":42},"end":{"line":18,"column":59}}]},"6":{"loc":{"start":{"line":21,"column":2},"end":{"line":23,"column":null}},"type":"if","locations":[{"start":{"line":21,"column":2},"end":{"line":23,"column":null}}]},"7":{"loc":{"start":{"line":25,"column":19},"end":{"line":25,"column":52}},"type":"binary-expr","locations":[{"start":{"line":25,"column":19},"end":{"line":25,"column":46}},{"start":{"line":25,"column":50},"end":{"line":25,"column":52}}]},"8":{"loc":{"start":{"line":27,"column":2},"end":{"line":29,"column":null}},"type":"if","locations":[{"start":{"line":27,"column":2},"end":{"line":29,"column":null}}]},"9":{"loc":{"start":{"line":45,"column":9},"end":{"line":45,"column":36}},"type":"binary-expr","locations":[{"start":{"line":45,"column":9},"end":{"line":45,"column":30}},{"start":{"line":45,"column":34},"end":{"line":45,"column":36}}]},"10":{"loc":{"start":{"line":49,"column":16},"end":{"line":49,"column":43}},"type":"binary-expr","locations":[{"start":{"line":49,"column":16},"end":{"line":49,"column":37}},{"start":{"line":49,"column":41},"end":{"line":49,"column":43}}]},"11":{"loc":{"start":{"line":54,"column":4},"end":{"line":58,"column":null}},"type":"if","locations":[{"start":{"line":54,"column":4},"end":{"line":58,"column":null}},{"start":{"line":56,"column":11},"end":{"line":58,"column":null}}]},"12":{"loc":{"start":{"line":66,"column":2},"end":{"line":66,"column":39}},"type":"default-arg","locations":[{"start":{"line":66,"column":22},"end":{"line":66,"column":39}}]},"13":{"loc":{"start":{"line":68,"column":2},"end":{"line":70,"column":null}},"type":"if","locations":[{"start":{"line":68,"column":2},"end":{"line":70,"column":null}}]},"14":{"loc":{"start":{"line":68,"column":6},"end":{"line":68,"column":37}},"type":"binary-expr","locations":[{"start":{"line":68,"column":6},"end":{"line":68,"column":20}},{"start":{"line":68,"column":24},"end":{"line":68,"column":37}}]},"15":{"loc":{"start":{"line":74,"column":2},"end":{"line":74,"column":null}},"type":"if","locations":[{"start":{"line":74,"column":2},"end":{"line":74,"column":null}}]},"16":{"loc":{"start":{"line":81,"column":2},"end":{"line":81,"column":39}},"type":"default-arg","locations":[{"start":{"line":81,"column":22},"end":{"line":81,"column":39}}]},"17":{"loc":{"start":{"line":83,"column":16},"end":{"line":83,"column":43}},"type":"binary-expr","locations":[{"start":{"line":83,"column":16},"end":{"line":83,"column":37}},{"start":{"line":83,"column":41},"end":{"line":83,"column":43}}]}},"s":{"0":0,"1":0,"2":0,"3":0,"4":0,"5":0,"6":0,"7":0,"8":0,"9":0,"10":0,"11":0,"12":0,"13":0,"14":0,"15":0,"16":0,"17":0,"18":0,"19":0,"20":0,"21":0,"22":0,"23":0,"24":0,"25":0,"26":0,"27":0,"28":0,"29":0,"30":0,"31":0,"32":0,"33":0,"34":0,"35":0,"36":0,"37":0,"38":0,"39":0,"40":0,"41":0,"42":0,"43":0,"44":0},"f":{"0":0,"1":0,"2":0,"3":0,"4":0,"5":0,"6":0},"b":{"0":[0],"1":[0,0],"2":[0],"3":[0,0],"4":[0],"5":[0,0],"6":[0],"7":[0,0],"8":[0],"9":[0,0],"10":[0,0],"11":[0,0],"12":[0],"13":[0],"14":[0,0],"15":[0],"16":[0],"17":[0,0]}}
,"/home/izk/Documents/DRIPS/Credence-Backend/src/services/health/checks.ts": {"path":"/home/izk/Documents/DRIPS/Credence-Backend/src/services/health/checks.ts","statementMap":{"0":{"start":{"line":3,"column":21},"end":{"line":3,"column":39}},"1":{"start":{"line":26,"column":32},"end":{"line":30,"column":4}},"2":{"start":{"line":36,"column":6},"end":{"line":36,"column":19}},"3":{"start":{"line":37,"column":2},"end":{"line":37,"column":null}},"4":{"start":{"line":37,"column":30},"end":{"line":37,"column":null}},"5":{"start":{"line":40,"column":4},"end":{"line":41,"column":29}},"6":{"start":{"line":43,"column":4},"end":{"line":44,"column":39}},"7":{"start":{"line":47,"column":2},"end":{"line":53,"column":null}},"8":{"start":{"line":48,"column":4},"end":{"line":48,"column":null}},"9":{"start":{"line":49,"column":9},"end":{"line":53,"column":null}},"10":{"start":{"line":50,"column":4},"end":{"line":50,"column":null}},"11":{"start":{"line":52,"column":4},"end":{"line":52,"column":null}},"12":{"start":{"line":55,"column":2},"end":{"line":55,"column":null}},"13":{"start":{"line":13,"column":0},"end":{"line":13,"column":7}}},"fnMap":{"0":{"name":"runHealthChecks","decl":{"start":{"line":13,"column":22},"end":{"line":13,"column":37}},"loc":{"start":{"line":17,"column":1},"end":{"line":56,"column":1}}}},"branchMap":{"0":{"loc":{"start":{"line":27,"column":4},"end":{"line":27,"column":84}},"type":"cond-expr","locations":[{"start":{"line":27,"column":16},"end":{"line":27,"column":27}},{"start":{"line":27,"column":30},"end":{"line":27,"column":84}}]},"1":{"loc":{"start":{"line":28,"column":4},"end":{"line":28,"column":90}},"type":"cond-expr","locations":[{"start":{"line":28,"column":19},"end":{"line":28,"column":33}},{"start":{"line":28,"column":36},"end":{"line":28,"column":90}}]},"2":{"loc":{"start":{"line":29,"column":4},"end":{"line":29,"column":68}},"type":"cond-expr","locations":[{"start":{"line":29,"column":22},"end":{"line":29,"column":39}},{"start":{"line":29,"column":42},"end":{"line":29,"column":68}}]},"3":{"loc":{"start":{"line":37,"column":2},"end":{"line":37,"column":null}},"type":"if","locations":[{"start":{"line":37,"column":2},"end":{"line":37,"column":null}}]},"4":{"loc":{"start":{"line":40,"column":4},"end":{"line":41,"column":29}},"type":"binary-expr","locations":[{"start":{"line":40,"column":5},"end":{"line":40,"column":25}},{"start":{"line":41,"column":5},"end":{"line":41,"column":28}}]},"5":{"loc":{"start":{"line":43,"column":4},"end":{"line":44,"column":39}},"type":"binary-expr","locations":[{"start":{"line":43,"column":5},"end":{"line":43,"column":35}},{"start":{"line":44,"column":5},"end":{"line":44,"column":38}}]},"6":{"loc":{"start":{"line":47,"column":2},"end":{"line":53,"column":null}},"type":"if","locations":[{"start":{"line":47,"column":2},"end":{"line":53,"column":null}},{"start":{"line":49,"column":9},"end":{"line":53,"column":null}}]},"7":{"loc":{"start":{"line":47,"column":6},"end":{"line":47,"column":43}},"type":"binary-expr","locations":[{"start":{"line":47,"column":6},"end":{"line":47,"column":18}},{"start":{"line":47,"column":22},"end":{"line":47,"column":43}}]},"8":{"loc":{"start":{"line":49,"column":9},"end":{"line":53,"column":null}},"type":"if","locations":[{"start":{"line":49,"column":9},"end":{"line":53,"column":null}},{"start":{"line":51,"column":9},"end":{"line":53,"column":null}}]}},"s":{"0":0,"1":0,"2":0,"3":0,"4":0,"5":0,"6":0,"7":0,"8":0,"9":0,"10":0,"11":0,"12":0,"13":0},"f":{"0":0},"b":{"0":[0,0],"1":[0,0],"2":[0,0],"3":[0],"4":[0,0],"5":[0,0],"6":[0,0],"7":[0,0],"8":[0,0]}}
,"/home/izk/Documents/DRIPS/Credence-Backend/src/services/health/index.ts": {"path":"/home/izk/Documents/DRIPS/Credence-Backend/src/services/health/index.ts","statementMap":{"0":{"start":{"line":1,"column":0},"end":{"line":1,"column":9}},"1":{"start":{"line":1,"column":9},"end":{"line":1,"column":45}}},"fnMap":{"0":{"name":"(anonymous_0)","decl":{"start":{"line":1,"column":9},"end":{"line":1,"column":24}},"loc":{"start":{"line":1,"column":9},"end":{"line":1,"column":45}}}},"branchMap":{},"s":{"0":0,"1":0},"f":{"0":0},"b":{}}
,"/home/izk/Documents/DRIPS/Credence-Backend/src/services/health/probes.ts": {"path":"/home/izk/Documents/DRIPS/Credence-Backend/src/services/health/probes.ts","statementMap":{"0":{"start":{"line":4,"column":25},"end":{"line":4,"column":29}},"1":{"start":{"line":7,"column":2},"end":{"line":12,"column":null}},"2":{"start":{"line":10,"column":6},"end":{"line":10,"column":56}},"3":{"start":{"line":10,"column":23},"end":{"line":10,"column":51}},"4":{"start":{"line":28,"column":14},"end":{"line":28,"column":38}},"5":{"start":{"line":29,"column":2},"end":{"line":29,"column":null}},"6":{"start":{"line":29,"column":33},"end":{"line":29,"column":null}},"7":{"start":{"line":31,"column":39},"end":{"line":31,"column":43}},"8":{"start":{"line":33,"column":2},"end":{"line":48,"column":null}},"9":{"start":{"line":34,"column":4},"end":{"line":47,"column":null}},"10":{"start":{"line":35,"column":6},"end":{"line":38,"column":null}},"11":{"start":{"line":36,"column":8},"end":{"line":36,"column":null}},"12":{"start":{"line":37,"column":8},"end":{"line":37,"column":null}},"13":{"start":{"line":39,"column":6},"end":{"line":42,"column":null}},"14":{"start":{"line":40,"column":19},"end":{"line":40,"column":47}},"15":{"start":{"line":40,"column":20},"end":{"line":40,"column":38}},"16":{"start":{"line":41,"column":8},"end":{"line":41,"column":null}},"17":{"start":{"line":43,"column":6},"end":{"line":43,"column":null}},"18":{"start":{"line":44,"column":6},"end":{"line":44,"column":null}},"19":{"start":{"line":46,"column":6},"end":{"line":46,"column":null}},"20":{"start":{"line":27,"column":0},"end":{"line":27,"column":16}},"21":{"start":{"line":64,"column":14},"end":{"line":64,"column":35}},"22":{"start":{"line":65,"column":2},"end":{"line":65,"column":null}},"23":{"start":{"line":65,"column":29},"end":{"line":65,"column":null}},"24":{"start":{"line":67,"column":49},"end":{"line":67,"column":53}},"25":{"start":{"line":69,"column":2},"end":{"line":84,"column":null}},"26":{"start":{"line":70,"column":4},"end":{"line":83,"column":null}},"27":{"start":{"line":71,"column":6},"end":{"line":74,"column":null}},"28":{"start":{"line":72,"column":8},"end":{"line":72,"column":null}},"29":{"start":{"line":73,"column":8},"end":{"line":73,"column":null}},"30":{"start":{"line":75,"column":6},"end":{"line":78,"column":null}},"31":{"start":{"line":76,"column":22},"end":{"line":76,"column":55}},"32":{"start":{"line":76,"column":23},"end":{"line":76,"column":46}},"33":{"start":{"line":77,"column":8},"end":{"line":77,"column":null}},"34":{"start":{"line":79,"column":6},"end":{"line":79,"column":null}},"35":{"start":{"line":80,"column":6},"end":{"line":80,"column":null}},"36":{"start":{"line":82,"column":6},"end":{"line":82,"column":null}},"37":{"start":{"line":63,"column":0},"end":{"line":63,"column":16}},"38":{"start":{"line":94,"column":2},"end":{"line":101,"column":null}},"39":{"start":{"line":95,"column":4},"end":{"line":100,"column":null}},"40":{"start":{"line":96,"column":17},"end":{"line":96,"column":61}},"41":{"start":{"line":97,"column":6},"end":{"line":97,"column":null}},"42":{"start":{"line":99,"column":6},"end":{"line":99,"column":null}},"43":{"start":{"line":91,"column":0},"end":{"line":91,"column":16}},"44":{"start":{"line":113,"column":81},"end":{"line":113,"column":83}},"45":{"start":{"line":114,"column":2},"end":{"line":114,"column":null}},"46":{"start":{"line":114,"column":32},"end":{"line":114,"column":null}},"47":{"start":{"line":115,"column":2},"end":{"line":115,"column":null}},"48":{"start":{"line":115,"column":29},"end":{"line":115,"column":null}},"49":{"start":{"line":116,"column":2},"end":{"line":116,"column":null}},"50":{"start":{"line":108,"column":0},"end":{"line":108,"column":16}}},"fnMap":{"0":{"name":"withTimeout","decl":{"start":{"line":6,"column":9},"end":{"line":6,"column":20}},"loc":{"start":{"line":6,"column":49},"end":{"line":13,"column":1}}},"1":{"name":"(anonymous_7)","decl":{"start":{"line":9,"column":19},"end":{"line":9,"column":20}},"loc":{"start":{"line":10,"column":6},"end":{"line":10,"column":56}}},"2":{"name":"(anonymous_8)","decl":{"start":{"line":10,"column":17},"end":{"line":10,"column":20}},"loc":{"start":{"line":10,"column":23},"end":{"line":10,"column":51}}},"3":{"name":"createDbProbe","decl":{"start":{"line":27,"column":16},"end":{"line":27,"column":29}},"loc":{"start":{"line":27,"column":58},"end":{"line":49,"column":1}}},"4":{"name":"(anonymous_10)","decl":{"start":{"line":33,"column":9},"end":{"line":33,"column":14}},"loc":{"start":{"line":33,"column":20},"end":{"line":48,"column":3}}},"5":{"name":"(anonymous_11)","decl":{"start":{"line":40,"column":20},"end":{"line":40,"column":33}},"loc":{"start":{"line":40,"column":20},"end":{"line":40,"column":38}}},"6":{"name":"createRedisProbe","decl":{"start":{"line":63,"column":16},"end":{"line":63,"column":32}},"loc":{"start":{"line":63,"column":64},"end":{"line":85,"column":1}}},"7":{"name":"(anonymous_13)","decl":{"start":{"line":69,"column":9},"end":{"line":69,"column":14}},"loc":{"start":{"line":69,"column":20},"end":{"line":84,"column":3}}},"8":{"name":"(anonymous_14)","decl":{"start":{"line":76,"column":23},"end":{"line":76,"column":36}},"loc":{"start":{"line":76,"column":23},"end":{"line":76,"column":46}}},"9":{"name":"createExternalProbe","decl":{"start":{"line":91,"column":16},"end":{"line":91,"column":35}},"loc":{"start":{"line":92,"column":31},"end":{"line":102,"column":1}}},"10":{"name":"(anonymous_16)","decl":{"start":{"line":94,"column":9},"end":{"line":94,"column":14}},"loc":{"start":{"line":94,"column":20},"end":{"line":101,"column":3}}},"11":{"name":"createDefaultProbes","decl":{"start":{"line":108,"column":16},"end":{"line":108,"column":35}},"loc":{"start":{"line":108,"column":35},"end":{"line":117,"column":1}}}},"branchMap":{"0":{"loc":{"start":{"line":27,"column":30},"end":{"line":27,"column":58}},"type":"default-arg","locations":[{"start":{"line":27,"column":56},"end":{"line":27,"column":58}}]},"1":{"loc":{"start":{"line":29,"column":2},"end":{"line":29,"column":null}},"type":"if","locations":[{"start":{"line":29,"column":2},"end":{"line":29,"column":null}}]},"2":{"loc":{"start":{"line":29,"column":6},"end":{"line":29,"column":31}},"type":"binary-expr","locations":[{"start":{"line":29,"column":6},"end":{"line":29,"column":10}},{"start":{"line":29,"column":14},"end":{"line":29,"column":31}}]},"3":{"loc":{"start":{"line":35,"column":6},"end":{"line":38,"column":null}},"type":"if","locations":[{"start":{"line":35,"column":6},"end":{"line":38,"column":null}}]},"4":{"loc":{"start":{"line":39,"column":6},"end":{"line":42,"column":null}},"type":"if","locations":[{"start":{"line":39,"column":6},"end":{"line":42,"column":null}}]},"5":{"loc":{"start":{"line":63,"column":33},"end":{"line":63,"column":64}},"type":"default-arg","locations":[{"start":{"line":63,"column":62},"end":{"line":63,"column":64}}]},"6":{"loc":{"start":{"line":65,"column":2},"end":{"line":65,"column":null}},"type":"if","locations":[{"start":{"line":65,"column":2},"end":{"line":65,"column":null}}]},"7":{"loc":{"start":{"line":65,"column":6},"end":{"line":65,"column":27}},"type":"binary-expr","locations":[{"start":{"line":65,"column":6},"end":{"line":65,"column":10}},{"start":{"line":65,"column":14},"end":{"line":65,"column":27}}]},"8":{"loc":{"start":{"line":71,"column":6},"end":{"line":74,"column":null}},"type":"if","locations":[{"start":{"line":71,"column":6},"end":{"line":74,"column":null}}]},"9":{"loc":{"start":{"line":75,"column":6},"end":{"line":78,"column":null}},"type":"if","locations":[{"start":{"line":75,"column":6},"end":{"line":78,"column":null}}]},"10":{"loc":{"start":{"line":97,"column":23},"end":{"line":97,"column":41}},"type":"cond-expr","locations":[{"start":{"line":97,"column":28},"end":{"line":97,"column":32}},{"start":{"line":97,"column":35},"end":{"line":97,"column":41}}]},"11":{"loc":{"start":{"line":114,"column":2},"end":{"line":114,"column":null}},"type":"if","locations":[{"start":{"line":114,"column":2},"end":{"line":114,"column":null}}]},"12":{"loc":{"start":{"line":115,"column":2},"end":{"line":115,"column":null}},"type":"if","locations":[{"start":{"line":115,"column":2},"end":{"line":115,"column":null}}]}},"s":{"0":0,"1":0,"2":0,"3":0,"4":0,"5":0,"6":0,"7":0,"8":0,"9":0,"10":0,"11":0,"12":0,"13":0,"14":0,"15":0,"16":0,"17":0,"18":0,"19":0,"20":0,"21":0,"22":0,"23":0,"24":0,"25":0,"26":0,"27":0,"28":0,"29":0,"30":0,"31":0,"32":0,"33":0,"34":0,"35":0,"36":0,"37":0,"38":0,"39":0,"40":0,"41":0,"42":0,"43":0,"44":0,"45":0,"46":0,"47":0,"48":0,"49":0,"50":0},"f":{"0":0,"1":0,"2":0,"3":0,"4":0,"5":0,"6":0,"7":0,"8":0,"9":0,"10":0,"11":0},"b":{"0":[0],"1":[0],"2":[0,0],"3":[0],"4":[0],"5":[0],"6":[0],"7":[0,0],"8":[0],"9":[0],"10":[0,0],"11":[0],"12":[0]}}
,"/home/izk/Documents/DRIPS/Credence-Backend/src/services/reputation/attestationScore.ts": {"path":"/home/izk/Documents/DRIPS/Credence-Backend/src/services/reputation/attestationScore.ts","statementMap":{"0":{"start":{"line":7,"column":31},"end":{"line":7,"column":34}},"1":{"start":{"line":8,"column":31},"end":{"line":8,"column":34}},"2":{"start":{"line":16,"column":2},"end":{"line":18,"column":null}},"3":{"start":{"line":17,"column":4},"end":{"line":17,"column":null}},"4":{"start":{"line":21,"column":28},"end":{"line":21,"column":63}},"5":{"start":{"line":21,"column":53},"end":{"line":21,"column":62}},"6":{"start":{"line":23,"column":2},"end":{"line":25,"column":null}},"7":{"start":{"line":24,"column":4},"end":{"line":24,"column":null}},"8":{"start":{"line":28,"column":22},"end":{"line":30,"column":7}},"9":{"start":{"line":29,"column":4},"end":{"line":29,"column":null}},"10":{"start":{"line":33,"column":16},"end":{"line":33,"column":86}},"11":{"start":{"line":35,"column":2},"end":{"line":35,"column":null}},"12":{"start":{"line":15,"column":0},"end":{"line":15,"column":16}},"13":{"start":{"line":42,"column":2},"end":{"line":42,"column":null}},"14":{"start":{"line":41,"column":0},"end":{"line":41,"column":16}},"15":{"start":{"line":49,"column":2},"end":{"line":49,"column":null}},"16":{"start":{"line":48,"column":0},"end":{"line":48,"column":16}}},"fnMap":{"0":{"name":"calculateAttestationScore","decl":{"start":{"line":15,"column":16},"end":{"line":15,"column":41}},"loc":{"start":{"line":15,"column":69},"end":{"line":36,"column":1}}},"1":{"name":"(anonymous_1)","decl":{"start":{"line":21,"column":48},"end":{"line":21,"column":49}},"loc":{"start":{"line":21,"column":53},"end":{"line":21,"column":62}}},"2":{"name":"(anonymous_2)","decl":{"start":{"line":28,"column":47},"end":{"line":28,"column":48}},"loc":{"start":{"line":28,"column":68},"end":{"line":30,"column":3}}},"3":{"name":"getMaxAttestationWeight","decl":{"start":{"line":41,"column":16},"end":{"line":41,"column":39}},"loc":{"start":{"line":41,"column":39},"end":{"line":43,"column":1}}},"4":{"name":"getAttestationMultiplier","decl":{"start":{"line":48,"column":16},"end":{"line":48,"column":40}},"loc":{"start":{"line":48,"column":40},"end":{"line":50,"column":1}}}},"branchMap":{"0":{"loc":{"start":{"line":16,"column":2},"end":{"line":18,"column":null}},"type":"if","locations":[{"start":{"line":16,"column":2},"end":{"line":18,"column":null}}]},"1":{"loc":{"start":{"line":16,"column":6},"end":{"line":16,"column":48}},"type":"binary-expr","locations":[{"start":{"line":16,"column":6},"end":{"line":16,"column":19}},{"start":{"line":16,"column":23},"end":{"line":16,"column":48}}]},"2":{"loc":{"start":{"line":23,"column":2},"end":{"line":25,"column":null}},"type":"if","locations":[{"start":{"line":23,"column":2},"end":{"line":25,"column":null}}]}},"s":{"0":0,"1":0,"2":0,"3":0,"4":0,"5":0,"6":0,"7":0,"8":0,"9":0,"10":0,"11":0,"12":0,"13":0,"14":0,"15":0,"16":0},"f":{"0":0,"1":0,"2":0,"3":0,"4":0},"b":{"0":[0],"1":[0,0],"2":[0]}}
,"/home/izk/Documents/DRIPS/Credence-Backend/src/services/reputation/bondScore.ts": {"path":"/home/izk/Documents/DRIPS/Credence-Backend/src/services/reputation/bondScore.ts","statementMap":{"0":{"start":{"line":7,"column":24},"end":{"line":7,"column":28}},"1":{"start":{"line":8,"column":23},"end":{"line":8,"column":27}},"2":{"start":{"line":17,"column":2},"end":{"line":19,"column":null}},"3":{"start":{"line":18,"column":4},"end":{"line":18,"column":null}},"4":{"start":{"line":22,"column":2},"end":{"line":24,"column":null}},"5":{"start":{"line":23,"column":4},"end":{"line":23,"column":null}},"6":{"start":{"line":27,"column":16},"end":{"line":27,"column":77}},"7":{"start":{"line":29,"column":2},"end":{"line":29,"column":null}},"8":{"start":{"line":15,"column":0},"end":{"line":15,"column":16}},"9":{"start":{"line":36,"column":2},"end":{"line":36,"column":null}},"10":{"start":{"line":35,"column":0},"end":{"line":35,"column":16}},"11":{"start":{"line":43,"column":2},"end":{"line":43,"column":null}},"12":{"start":{"line":42,"column":0},"end":{"line":42,"column":16}}},"fnMap":{"0":{"name":"calculateBondScore","decl":{"start":{"line":15,"column":16},"end":{"line":15,"column":34}},"loc":{"start":{"line":15,"column":49},"end":{"line":30,"column":1}}},"1":{"name":"getBondMultiplier","decl":{"start":{"line":35,"column":16},"end":{"line":35,"column":33}},"loc":{"start":{"line":35,"column":33},"end":{"line":37,"column":1}}},"2":{"name":"getMaxBondScore","decl":{"start":{"line":42,"column":16},"end":{"line":42,"column":31}},"loc":{"start":{"line":42,"column":31},"end":{"line":44,"column":1}}}},"branchMap":{"0":{"loc":{"start":{"line":17,"column":2},"end":{"line":19,"column":null}},"type":"if","locations":[{"start":{"line":17,"column":2},"end":{"line":19,"column":null}}]},"1":{"loc":{"start":{"line":22,"column":2},"end":{"line":24,"column":null}},"type":"if","locations":[{"start":{"line":22,"column":2},"end":{"line":24,"column":null}}]}},"s":{"0":0,"1":0,"2":0,"3":0,"4":0,"5":0,"6":0,"7":0,"8":0,"9":0,"10":0,"11":0,"12":0},"f":{"0":0,"1":0,"2":0},"b":{"0":[0],"1":[0]}}
,"/home/izk/Documents/DRIPS/Credence-Backend/src/services/reputation/index.ts": {"path":"/home/izk/Documents/DRIPS/Credence-Backend/src/services/reputation/index.ts","statementMap":{"0":{"start":{"line":5,"column":0},"end":{"line":5,"column":26}},"1":{"start":{"line":6,"column":0},"end":{"line":6,"column":26}},"2":{"start":{"line":7,"column":0},"end":{"line":7,"column":30}},"3":{"start":{"line":8,"column":0},"end":{"line":8,"column":37}},"4":{"start":{"line":9,"column":0},"end":{"line":9,"column":31}}},"fnMap":{},"branchMap":{},"s":{"0":0,"1":0,"2":0,"3":0,"4":0},"f":{},"b":{}}
,"/home/izk/Documents/DRIPS/Credence-Backend/src/services/reputation/score.ts": {"path":"/home/izk/Documents/DRIPS/Credence-Backend/src/services/reputation/score.ts","statementMap":{"0":{"start":{"line":7,"column":0},"end":{"line":7,"column":51}},"1":{"start":{"line":8,"column":0},"end":{"line":8,"column":65}},"2":{"start":{"line":9,"column":0},"end":{"line":9,"column":53}},"3":{"start":{"line":20,"column":20},"end":{"line":20,"column":50}},"4":{"start":{"line":21,"column":27},"end":{"line":21,"column":72}},"5":{"start":{"line":22,"column":21},"end":{"line":24,"column":null}},"6":{"start":{"line":28,"column":21},"end":{"line":28,"column":64}},"7":{"start":{"line":30,"column":2},"end":{"line":35,"column":null}},"8":{"start":{"line":18,"column":0},"end":{"line":18,"column":16}},"9":{"start":{"line":48,"column":20},"end":{"line":48,"column":50}},"10":{"start":{"line":49,"column":27},"end":{"line":49,"column":72}},"11":{"start":{"line":50,"column":21},"end":{"line":53,"column":null}},"12":{"start":{"line":56,"column":21},"end":{"line":56,"column":64}},"13":{"start":{"line":58,"column":2},"end":{"line":63,"column":null}},"14":{"start":{"line":44,"column":0},"end":{"line":44,"column":16}}},"fnMap":{"0":{"name":"calculateReputationScore","decl":{"start":{"line":18,"column":16},"end":{"line":18,"column":40}},"loc":{"start":{"line":18,"column":63},"end":{"line":36,"column":1}}},"1":{"name":"calculateReputationScoreWithCustomDuration","decl":{"start":{"line":44,"column":16},"end":{"line":44,"column":58}},"loc":{"start":{"line":46,"column":21},"end":{"line":64,"column":1}}}},"branchMap":{},"s":{"0":0,"1":0,"2":0,"3":0,"4":0,"5":0,"6":0,"7":0,"8":0,"9":0,"10":0,"11":0,"12":0,"13":0,"14":0},"f":{"0":0,"1":0},"b":{}}
,"/home/izk/Documents/DRIPS/Credence-Backend/src/services/reputation/timeWeight.ts": {"path":"/home/izk/Documents/DRIPS/Credence-Backend/src/services/reputation/timeWeight.ts","statementMap":{"0":{"start":{"line":6,"column":24},"end":{"line":6,"column":49}},"1":{"start":{"line":7,"column":19},"end":{"line":7,"column":22}},"2":{"start":{"line":21,"column":2},"end":{"line":23,"column":null}},"3":{"start":{"line":22,"column":4},"end":{"line":22,"column":null}},"4":{"start":{"line":25,"column":2},"end":{"line":27,"column":null}},"5":{"start":{"line":26,"column":4},"end":{"line":26,"column":null}},"6":{"start":{"line":29,"column":19},"end":{"line":29,"column":42}},"7":{"start":{"line":31,"column":2},"end":{"line":33,"column":null}},"8":{"start":{"line":32,"column":4},"end":{"line":32,"column":null}},"9":{"start":{"line":35,"column":2},"end":{"line":37,"column":null}},"10":{"start":{"line":36,"column":4},"end":{"line":36,"column":null}},"11":{"start":{"line":41,"column":25},"end":{"line":41,"column":47}},"12":{"start":{"line":42,"column":17},"end":{"line":42,"column":64}},"13":{"start":{"line":44,"column":2},"end":{"line":44,"column":null}},"14":{"start":{"line":16,"column":0},"end":{"line":16,"column":16}},"15":{"start":{"line":51,"column":2},"end":{"line":51,"column":null}},"16":{"start":{"line":50,"column":0},"end":{"line":50,"column":16}},"17":{"start":{"line":58,"column":2},"end":{"line":58,"column":null}},"18":{"start":{"line":57,"column":0},"end":{"line":57,"column":16}}},"fnMap":{"0":{"name":"calculateTimeWeight","decl":{"start":{"line":16,"column":16},"end":{"line":16,"column":35}},"loc":{"start":{"line":19,"column":39},"end":{"line":45,"column":1}}},"1":{"name":"getDecayRate","decl":{"start":{"line":50,"column":16},"end":{"line":50,"column":28}},"loc":{"start":{"line":50,"column":28},"end":{"line":52,"column":1}}},"2":{"name":"getMaxDuration","decl":{"start":{"line":57,"column":16},"end":{"line":57,"column":30}},"loc":{"start":{"line":57,"column":30},"end":{"line":59,"column":1}}}},"branchMap":{"0":{"loc":{"start":{"line":19,"column":2},"end":{"line":19,"column":39}},"type":"default-arg","locations":[{"start":{"line":19,"column":24},"end":{"line":19,"column":39}}]},"1":{"loc":{"start":{"line":21,"column":2},"end":{"line":23,"column":null}},"type":"if","locations":[{"start":{"line":21,"column":2},"end":{"line":23,"column":null}}]},"2":{"loc":{"start":{"line":21,"column":6},"end":{"line":21,"column":40}},"type":"binary-expr","locations":[{"start":{"line":21,"column":6},"end":{"line":21,"column":20}},{"start":{"line":21,"column":24},"end":{"line":21,"column":40}}]},"3":{"loc":{"start":{"line":25,"column":2},"end":{"line":27,"column":null}},"type":"if","locations":[{"start":{"line":25,"column":2},"end":{"line":27,"column":null}}]},"4":{"loc":{"start":{"line":31,"column":2},"end":{"line":33,"column":null}},"type":"if","locations":[{"start":{"line":31,"column":2},"end":{"line":33,"column":null}}]},"5":{"loc":{"start":{"line":35,"column":2},"end":{"line":37,"column":null}},"type":"if","locations":[{"start":{"line":35,"column":2},"end":{"line":37,"column":null}}]}},"s":{"0":0,"1":0,"2":0,"3":0,"4":0,"5":0,"6":0,"7":0,"8":0,"9":0,"10":0,"11":0,"12":0,"13":0,"14":0,"15":0,"16":0,"17":0,"18":0},"f":{"0":0,"1":0,"2":0},"b":{"0":[0],"1":[0],"2":[0,0],"3":[0],"4":[0],"5":[0]}}
}
