TN:
SF:src/services/verificationService.ts
FN:17,(anonymous_1)
FN:24,(anonymous_2)
FN:31,(anonymous_3)
FN:73,(anonymous_4)
FN:88,(anonymous_5)
FN:106,(anonymous_6)
FN:120,(anonymous_7)
FNF:7
FNH:7
FNDA:29,(anonymous_1)
FNDA:55,(anonymous_2)
FNDA:26,(anonymous_3)
FNDA:5,(anonymous_4)
FNDA:3,(anonymous_5)
FNDA:3,(anonymous_6)
FNDA:5,(anonymous_7)
DA:1,1
DA:13,1
DA:18,29
DA:25,55
DA:38,26
DA:39,26
DA:41,26
DA:46,26
DA:54,26
DA:55,26
DA:57,26
DA:63,26
DA:64,5
DA:67,26
DA:74,5
DA:79,5
DA:89,3
DA:97,3
DA:98,3
DA:100,3
DA:107,3
DA:108,3
DA:113,0
DA:121,5
DA:122,4
DA:126,1
LF:26
LH:25
BRDA:63,0,0,5
BRDA:121,1,0,1
BRF:2
BRH:2
end_of_record
