TN:
SF:src/services/identityService.ts
FN:37,(anonymous_0)
FN:72,(anonymous_1)
FN:83,(anonymous_2)
FN:107,(anonymous_3)
FN:118,(anonymous_4)
FN:119,(anonymous_5)
FNF:6
FNH:0
FNDA:0,(anonymous_0)
FNDA:0,(anonymous_1)
FNDA:0,(anonymous_2)
FNDA:0,(anonymous_3)
FNDA:0,(anonymous_4)
FNDA:0,(anonymous_5)
DA:29,0
DA:39,0
DA:40,0
DA:44,0
DA:47,0
DA:48,0
DA:49,0
DA:51,0
DA:78,0
DA:79,0
DA:82,0
DA:84,0
DA:85,0
DA:86,0
DA:88,0
DA:97,0
DA:109,0
DA:110,0
DA:119,0
LF:19
LH:0
BRDA:39,0,0,0
BRDA:49,1,0,0
BRDA:49,1,1,0
BRDA:56,2,0,0
BRDA:56,2,1,0
BRDA:57,3,0,0
BRDA:57,3,1,0
BRDA:91,4,0,0
BRDA:91,4,1,0
BRF:9
BRH:0
end_of_record
TN:
SF:src/services/verificationService.ts
FN:17,(anonymous_1)
FN:24,(anonymous_2)
FN:31,(anonymous_3)
FN:73,(anonymous_4)
FN:88,(anonymous_5)
FN:106,(anonymous_6)
FN:120,(anonymous_7)
FNF:7
FNH:7
FNDA:29,(anonymous_1)
FNDA:55,(anonymous_2)
FNDA:26,(anonymous_3)
FNDA:5,(anonymous_4)
FNDA:3,(anonymous_5)
FNDA:3,(anonymous_6)
FNDA:5,(anonymous_7)
DA:1,1
DA:13,1
DA:18,29
DA:25,55
DA:38,26
DA:39,26
DA:41,26
DA:46,26
DA:54,26
DA:55,26
DA:57,26
DA:63,26
DA:64,5
DA:67,26
DA:74,5
DA:79,5
DA:89,3
DA:97,3
DA:98,3
DA:100,3
DA:107,3
DA:108,3
DA:113,0
DA:121,5
DA:122,4
DA:126,1
LF:26
LH:25
BRDA:63,0,0,5
BRDA:121,1,0,1
BRF:2
BRH:2
end_of_record
TN:
SF:src/services/governance/arbitration.ts
FN:6,resetStore
FN:10,writeLog
FN:37,readLog
FN:41,getLogsByDispute
FN:48,(anonymous_4)
FN:51,getLogsByArbiter
FN:58,(anonymous_6)
FN:61,deleteLog
FNF:8
FNH:0
FNDA:0,resetStore
FNDA:0,writeLog
FNDA:0,readLog
FNDA:0,getLogsByDispute
FNDA:0,(anonymous_4)
FNDA:0,getLogsByArbiter
FNDA:0,(anonymous_6)
FNDA:0,deleteLog
DA:1,0
DA:4,0
DA:6,0
DA:7,0
DA:10,0
DA:11,0
DA:12,0
DA:14,0
DA:15,0
DA:17,0
DA:18,0
DA:20,0
DA:21,0
DA:24,0
DA:33,0
DA:34,0
DA:37,0
DA:38,0
DA:41,0
DA:42,0
DA:43,0
DA:44,0
DA:45,0
DA:48,0
DA:51,0
DA:52,0
DA:53,0
DA:54,0
DA:55,0
DA:58,0
DA:61,0
DA:62,0
LF:32
LH:0
BRDA:11,0,0,0
BRDA:11,1,0,0
BRDA:11,1,1,0
BRDA:14,2,0,0
BRDA:14,3,0,0
BRDA:14,3,1,0
BRDA:17,4,0,0
BRDA:17,5,0,0
BRDA:17,5,1,0
BRDA:20,6,0,0
BRDA:20,7,0,0
BRDA:20,7,1,0
BRDA:44,8,0,0
BRDA:54,9,0,0
BRF:14
BRH:0
end_of_record
TN:
SF:src/services/governance/disputes.ts
FN:10,resetStore
FN:14,validateDisputeInput
FN:52,submitDispute
FN:75,getDispute
FN:79,isExpired
FN:83,resolveDispute
FN:101,dismissDispute
FN:115,markUnderReview
FNF:8
FNH:0
FNDA:0,resetStore
FNDA:0,validateDisputeInput
FNDA:0,submitDispute
FNDA:0,getDispute
FNDA:0,isExpired
FNDA:0,resolveDispute
FNDA:0,dismissDispute
FNDA:0,markUnderReview
DA:1,0
DA:4,0
DA:6,0
DA:7,0
DA:8,0
DA:10,0
DA:11,0
DA:14,0
DA:15,0
DA:17,0
DA:18,0
DA:19,0
DA:20,0
DA:23,0
DA:24,0
DA:25,0
DA:26,0
DA:29,0
DA:30,0
DA:33,0
DA:34,0
DA:35,0
DA:36,0
DA:39,0
DA:40,0
DA:43,0
DA:44,0
DA:45,0
DA:46,0
DA:49,0
DA:52,0
DA:53,0
DA:54,0
DA:55,0
DA:58,0
DA:59,0
DA:71,0
DA:72,0
DA:75,0
DA:76,0
DA:79,0
DA:80,0
DA:83,0
DA:84,0
DA:85,0
DA:86,0
DA:87,0
DA:88,0
DA:89,0
DA:90,0
DA:92,0
DA:93,0
DA:96,0
DA:97,0
DA:98,0
DA:101,0
DA:102,0
DA:103,0
DA:104,0
DA:105,0
DA:106,0
DA:107,0
DA:110,0
DA:111,0
DA:112,0
DA:115,0
DA:116,0
DA:117,0
DA:118,0
DA:119,0
DA:122,0
DA:123,0
LF:72
LH:0
BRDA:17,0,0,0
BRDA:17,0,1,0
BRDA:17,1,0,0
BRDA:17,1,1,0
BRDA:19,2,0,0
BRDA:23,3,0,0
BRDA:23,3,1,0
BRDA:23,4,0,0
BRDA:23,4,1,0
BRDA:25,5,0,0
BRDA:29,6,0,0
BRDA:29,7,0,0
BRDA:29,7,1,0
BRDA:29,7,2,0
BRDA:33,8,0,0
BRDA:33,8,1,0
BRDA:33,9,0,0
BRDA:33,9,1,0
BRDA:35,10,0,0
BRDA:39,11,0,0
BRDA:39,12,0,0
BRDA:39,12,1,0
BRDA:43,13,0,0
BRDA:43,13,1,0
BRDA:43,14,0,0
BRDA:43,14,1,0
BRDA:45,15,0,0
BRDA:54,16,0,0
BRDA:85,17,0,0
BRDA:86,18,0,0
BRDA:87,19,0,0
BRDA:88,20,0,0
BRDA:92,21,0,0
BRDA:92,22,0,0
BRDA:92,22,1,0
BRDA:103,23,0,0
BRDA:104,24,0,0
BRDA:105,25,0,0
BRDA:106,26,0,0
BRDA:106,27,0,0
BRDA:106,27,1,0
BRDA:117,28,0,0
BRDA:118,29,0,0
BRF:43
BRH:0
end_of_record
TN:
SF:src/services/governance/index.ts
FNF:0
FNH:0
DA:1,0
DA:2,0
DA:3,0
DA:4,0
DA:5,0
LF:5
LH:0
BRF:0
BRH:0
end_of_record
TN:
SF:src/services/governance/multisig.ts
FN:10,resetStore
FN:14,createProposal
FN:59,getProposal
FN:63,addSignature
FN:88,removeSignature
FN:104,executeIfReady
FN:127,cancelProposal
FN:142,getStatus
FNF:8
FNH:0
FNDA:0,resetStore
FNDA:0,createProposal
FNDA:0,getProposal
FNDA:0,addSignature
FNDA:0,removeSignature
FNDA:0,executeIfReady
FNDA:0,cancelProposal
FNDA:0,getStatus
DA:1,0
DA:4,0
DA:6,0
DA:7,0
DA:8,0
DA:10,0
DA:11,0
DA:14,0
DA:15,0
DA:16,0
DA:18,0
DA:19,0
DA:22,0
DA:23,0
DA:24,0
DA:27,0
DA:32,0
DA:35,0
DA:36,0
DA:39,0
DA:40,0
DA:43,0
DA:44,0
DA:55,0
DA:56,0
DA:59,0
DA:60,0
DA:63,0
DA:64,0
DA:65,0
DA:67,0
DA:68,0
DA:71,0
DA:72,0
DA:73,0
DA:76,0
DA:77,0
DA:80,0
DA:81,0
DA:84,0
DA:85,0
DA:88,0
DA:89,0
DA:90,0
DA:92,0
DA:93,0
DA:96,0
DA:97,0
DA:100,0
DA:101,0
DA:104,0
DA:105,0
DA:106,0
DA:108,0
DA:109,0
DA:112,0
DA:113,0
DA:114,0
DA:117,0
DA:118,0
DA:123,0
DA:124,0
DA:127,0
DA:128,0
DA:129,0
DA:131,0
DA:132,0
DA:134,0
DA:135,0
DA:138,0
DA:139,0
DA:142,0
DA:143,0
DA:144,0
DA:147,0
DA:148,0
DA:151,0
LF:77
LH:0
BRDA:15,0,0,0
BRDA:15,1,0,0
BRDA:15,1,1,0
BRDA:18,2,0,0
BRDA:23,3,0,0
BRDA:27,4,0,0
BRDA:28,5,0,0
BRDA:28,5,1,0
BRDA:28,5,2,0
BRDA:35,6,0,0
BRDA:35,7,0,0
BRDA:35,7,1,0
BRDA:39,8,0,0
BRDA:39,9,0,0
BRDA:39,9,1,0
BRDA:65,10,0,0
BRDA:67,11,0,0
BRDA:71,12,0,0
BRDA:76,13,0,0
BRDA:80,14,0,0
BRDA:90,15,0,0
BRDA:92,16,0,0
BRDA:96,17,0,0
BRDA:106,18,0,0
BRDA:108,19,0,0
BRDA:112,20,0,0
BRDA:117,21,0,0
BRDA:129,22,0,0
BRDA:131,23,0,0
BRDA:134,24,0,0
BRDA:144,25,0,0
BRDA:147,26,0,0
BRDA:147,27,0,0
BRDA:147,27,1,0
BRF:34
BRH:0
end_of_record
TN:
SF:src/services/governance/votes.ts
FN:7,resetStore
FN:11,castVote
FN:26,(anonymous_2)
FN:44,getVotes
FN:48,countVotes
FN:64,hasReachedThreshold
FN:79,getVoteSummary
FNF:7
FNH:0
FNDA:0,resetStore
FNDA:0,castVote
FNDA:0,(anonymous_2)
FNDA:0,getVotes
FNDA:0,countVotes
FNDA:0,hasReachedThreshold
FNDA:0,getVoteSummary
DA:3,0
DA:5,0
DA:7,0
DA:8,0
DA:11,0
DA:12,0
DA:13,0
DA:15,0
DA:16,0
DA:18,0
DA:19,0
DA:21,0
DA:22,0
DA:25,0
DA:26,0
DA:27,0
DA:28,0
DA:31,0
DA:39,0
DA:40,0
DA:41,0
DA:44,0
DA:45,0
DA:48,0
DA:49,0
DA:50,0
DA:51,0
DA:53,0
DA:54,0
DA:55,0
DA:57,0
DA:61,0
DA:64,0
DA:68,0
DA:69,0
DA:72,0
DA:73,0
DA:74,0
DA:76,0
DA:79,0
DA:83,0
DA:84,0
DA:86,0
LF:43
LH:0
BRDA:12,0,0,0
BRDA:12,1,0,0
BRDA:12,1,1,0
BRDA:15,2,0,0
BRDA:15,3,0,0
BRDA:15,3,1,0
BRDA:18,4,0,0
BRDA:18,5,0,0
BRDA:18,5,1,0
BRDA:21,6,0,0
BRDA:25,7,0,0
BRDA:25,7,1,0
BRDA:27,8,0,0
BRDA:45,9,0,0
BRDA:45,9,1,0
BRDA:49,10,0,0
BRDA:49,10,1,0
BRDA:54,11,0,0
BRDA:54,11,1,0
BRDA:66,12,0,0
BRDA:68,13,0,0
BRDA:68,14,0,0
BRDA:68,14,1,0
BRDA:74,15,0,0
BRDA:81,16,0,0
BRDA:83,17,0,0
BRDA:83,17,1,0
BRF:27
BRH:0
end_of_record
TN:
SF:src/services/health/checks.ts
FN:13,runHealthChecks
FNF:1
FNH:0
FNDA:0,runHealthChecks
DA:3,0
DA:13,0
DA:26,0
DA:36,0
DA:37,0
DA:40,0
DA:43,0
DA:47,0
DA:48,0
DA:49,0
DA:50,0
DA:52,0
DA:55,0
LF:13
LH:0
BRDA:27,0,0,0
BRDA:27,0,1,0
BRDA:28,1,0,0
BRDA:28,1,1,0
BRDA:29,2,0,0
BRDA:29,2,1,0
BRDA:37,3,0,0
BRDA:40,4,0,0
BRDA:40,4,1,0
BRDA:43,5,0,0
BRDA:43,5,1,0
BRDA:47,6,0,0
BRDA:47,6,1,0
BRDA:47,7,0,0
BRDA:47,7,1,0
BRDA:49,8,0,0
BRDA:49,8,1,0
BRF:17
BRH:0
end_of_record
TN:
SF:src/services/health/index.ts
FN:1,(anonymous_0)
FNF:1
FNH:0
FNDA:0,(anonymous_0)
DA:1,0
LF:1
LH:0
BRF:0
BRH:0
end_of_record
TN:
SF:src/services/health/probes.ts
FN:6,withTimeout
FN:9,(anonymous_7)
FN:10,(anonymous_8)
FN:27,createDbProbe
FN:33,(anonymous_10)
FN:40,(anonymous_11)
FN:63,createRedisProbe
FN:69,(anonymous_13)
FN:76,(anonymous_14)
FN:91,createExternalProbe
FN:94,(anonymous_16)
FN:108,createDefaultProbes
FNF:12
FNH:0
FNDA:0,withTimeout
FNDA:0,(anonymous_7)
FNDA:0,(anonymous_8)
FNDA:0,createDbProbe
FNDA:0,(anonymous_10)
FNDA:0,(anonymous_11)
FNDA:0,createRedisProbe
FNDA:0,(anonymous_13)
FNDA:0,(anonymous_14)
FNDA:0,createExternalProbe
FNDA:0,(anonymous_16)
FNDA:0,createDefaultProbes
DA:4,0
DA:7,0
DA:10,0
DA:27,0
DA:28,0
DA:29,0
DA:31,0
DA:33,0
DA:34,0
DA:35,0
DA:36,0
DA:37,0
DA:39,0
DA:40,0
DA:41,0
DA:43,0
DA:44,0
DA:46,0
DA:63,0
DA:64,0
DA:65,0
DA:67,0
DA:69,0
DA:70,0
DA:71,0
DA:72,0
DA:73,0
DA:75,0
DA:76,0
DA:77,0
DA:79,0
DA:80,0
DA:82,0
DA:91,0
DA:94,0
DA:95,0
DA:96,0
DA:97,0
DA:99,0
DA:108,0
DA:113,0
DA:114,0
DA:115,0
DA:116,0
LF:44
LH:0
BRDA:27,0,0,0
BRDA:29,1,0,0
BRDA:29,2,0,0
BRDA:29,2,1,0
BRDA:35,3,0,0
BRDA:39,4,0,0
BRDA:63,5,0,0
BRDA:65,6,0,0
BRDA:65,7,0,0
BRDA:65,7,1,0
BRDA:71,8,0,0
BRDA:75,9,0,0
BRDA:97,10,0,0
BRDA:97,10,1,0
BRDA:114,11,0,0
BRDA:115,12,0,0
BRF:16
BRH:0
end_of_record
TN:
SF:src/services/reputation/attestationScore.ts
FN:15,calculateAttestationScore
FN:21,(anonymous_1)
FN:28,(anonymous_2)
FN:41,getMaxAttestationWeight
FN:48,getAttestationMultiplier
FNF:5
FNH:0
FNDA:0,calculateAttestationScore
FNDA:0,(anonymous_1)
FNDA:0,(anonymous_2)
FNDA:0,getMaxAttestationWeight
FNDA:0,getAttestationMultiplier
DA:7,0
DA:8,0
DA:15,0
DA:16,0
DA:17,0
DA:21,0
DA:23,0
DA:24,0
DA:28,0
DA:29,0
DA:33,0
DA:35,0
DA:41,0
DA:42,0
DA:48,0
DA:49,0
LF:16
LH:0
BRDA:16,0,0,0
BRDA:16,1,0,0
BRDA:16,1,1,0
BRDA:23,2,0,0
BRF:4
BRH:0
end_of_record
TN:
SF:src/services/reputation/bondScore.ts
FN:15,calculateBondScore
FN:35,getBondMultiplier
FN:42,getMaxBondScore
FNF:3
FNH:0
FNDA:0,calculateBondScore
FNDA:0,getBondMultiplier
FNDA:0,getMaxBondScore
DA:7,0
DA:8,0
DA:15,0
DA:17,0
DA:18,0
DA:22,0
DA:23,0
DA:27,0
DA:29,0
DA:35,0
DA:36,0
DA:42,0
DA:43,0
LF:13
LH:0
BRDA:17,0,0,0
BRDA:22,1,0,0
BRF:2
BRH:0
end_of_record
TN:
SF:src/services/reputation/index.ts
FNF:0
FNH:0
DA:5,0
DA:6,0
DA:7,0
DA:8,0
DA:9,0
LF:5
LH:0
BRF:0
BRH:0
end_of_record
TN:
SF:src/services/reputation/score.ts
FN:18,calculateReputationScore
FN:44,calculateReputationScoreWithCustomDuration
FNF:2
FNH:0
FNDA:0,calculateReputationScore
FNDA:0,calculateReputationScoreWithCustomDuration
DA:7,0
DA:8,0
DA:9,0
DA:18,0
DA:20,0
DA:21,0
DA:22,0
DA:28,0
DA:30,0
DA:44,0
DA:48,0
DA:49,0
DA:50,0
DA:56,0
DA:58,0
LF:15
LH:0
BRF:0
BRH:0
end_of_record
TN:
SF:src/services/reputation/timeWeight.ts
FN:16,calculateTimeWeight
FN:50,getDecayRate
FN:57,getMaxDuration
FNF:3
FNH:0
FNDA:0,calculateTimeWeight
FNDA:0,getDecayRate
FNDA:0,getMaxDuration
DA:6,0
DA:7,0
DA:16,0
DA:21,0
DA:22,0
DA:25,0
DA:26,0
DA:29,0
DA:31,0
DA:32,0
DA:35,0
DA:36,0
DA:41,0
DA:42,0
DA:44,0
DA:50,0
DA:51,0
DA:57,0
DA:58,0
LF:19
LH:0
BRDA:19,0,0,0
BRDA:21,1,0,0
BRDA:21,2,0,0
BRDA:21,2,1,0
BRDA:25,3,0,0
BRDA:31,4,0,0
BRDA:35,5,0,0
BRF:7
BRH:0
end_of_record
